<?xml version="1.0" encoding="UTF-8"?>
<coverage generated="1558598432660" clover="3.2.0">
  <project timestamp="1558598432660" name="All files">
    <metrics statements="264" coveredstatements="251" conditionals="59" coveredconditionals="54" methods="129" coveredmethods="121" elements="452" coveredelements="426" complexity="0" loc="264" ncloc="264" packages="5" files="19" classes="19">
      <package name="client">
        <metrics statements="1" coveredstatements="1" conditionals="0" coveredconditionals="0" methods="0" coveredmethods="0"/>
        <file name="setupJest.js" path="F:\node_progect\speleo\client\setupJest.js">
          <metrics statements="1" coveredstatements="1" conditionals="0" coveredconditionals="0" methods="0" coveredmethods="0"/>
          <line num="1" count="12" type="stmt"/>
        </file>
      </package>
      <package name="client.src.Redux.actions">
        <metrics statements="134" coveredstatements="123" conditionals="16" coveredconditionals="12" methods="100" coveredmethods="92"/>
        <file name="allCave.actions.js" path="F:\node_progect\speleo\client\src\Redux\actions\allCave.actions.js">
          <metrics statements="37" coveredstatements="31" conditionals="8" coveredconditionals="4" methods="27" coveredmethods="24"/>
          <line num="4" count="2" type="stmt"/>
          <line num="14" count="4" type="stmt"/>
          <line num="15" count="4" type="stmt"/>
          <line num="17" count="4" type="stmt"/>
          <line num="19" count="3" type="stmt"/>
          <line num="22" count="1" type="stmt"/>
          <line num="28" count="1" type="stmt"/>
          <line num="29" count="1" type="stmt"/>
          <line num="30" count="1" type="stmt"/>
          <line num="32" count="1" type="stmt"/>
          <line num="35" count="0" type="stmt"/>
          <line num="41" count="1" type="stmt"/>
          <line num="42" count="1" type="stmt"/>
          <line num="43" count="1" type="stmt"/>
          <line num="45" count="1" type="stmt"/>
          <line num="48" count="0" type="stmt"/>
          <line num="54" count="1" type="stmt"/>
          <line num="55" count="1" type="stmt"/>
          <line num="57" count="1" type="stmt"/>
          <line num="59" count="1" type="stmt"/>
          <line num="62" count="0" type="stmt"/>
          <line num="68" count="4" type="stmt"/>
          <line num="71" count="3" type="stmt"/>
          <line num="74" count="3" type="stmt"/>
          <line num="78" count="1" type="stmt"/>
          <line num="81" count="1" type="stmt"/>
          <line num="87" count="1" type="stmt"/>
          <line num="93" count="2" type="stmt"/>
          <line num="94" count="2" type="cond" truecount="2" falsecount="0"/>
          <line num="100" count="2" type="stmt"/>
          <line num="101" count="2" type="cond" truecount="1" falsecount="1"/>
          <line num="102" count="2" type="stmt"/>
          <line num="103" count="0" type="cond" truecount="0" falsecount="2"/>
          <line num="104" count="0" type="stmt"/>
          <line num="106" count="0" type="stmt"/>
          <line num="111" count="2" type="stmt"/>
          <line num="112" count="2" type="cond" truecount="1" falsecount="1"/>
        </file>
        <file name="allExped.actions.js" path="F:\node_progect\speleo\client\src\Redux\actions\allExped.actions.js">
          <metrics statements="31" coveredstatements="28" conditionals="2" coveredconditionals="2" methods="24" coveredmethods="21"/>
          <line num="3" count="2" type="stmt"/>
          <line num="13" count="2" type="stmt"/>
          <line num="14" count="2" type="stmt"/>
          <line num="16" count="2" type="stmt"/>
          <line num="18" count="1" type="stmt"/>
          <line num="21" count="1" type="stmt"/>
          <line num="27" count="1" type="stmt"/>
          <line num="28" count="1" type="stmt"/>
          <line num="29" count="1" type="stmt"/>
          <line num="31" count="1" type="stmt"/>
          <line num="34" count="0" type="stmt"/>
          <line num="40" count="1" type="stmt"/>
          <line num="41" count="1" type="stmt"/>
          <line num="42" count="1" type="stmt"/>
          <line num="44" count="1" type="stmt"/>
          <line num="47" count="0" type="stmt"/>
          <line num="53" count="1" type="stmt"/>
          <line num="54" count="1" type="stmt"/>
          <line num="56" count="1" type="stmt"/>
          <line num="58" count="1" type="stmt"/>
          <line num="61" count="0" type="stmt"/>
          <line num="67" count="2" type="stmt"/>
          <line num="70" count="1" type="stmt"/>
          <line num="73" count="3" type="stmt"/>
          <line num="76" count="1" type="stmt"/>
          <line num="79" count="1" type="stmt"/>
          <line num="85" count="1" type="stmt"/>
          <line num="91" count="2" type="stmt"/>
          <line num="92" count="2" type="cond" truecount="2" falsecount="0"/>
          <line num="93" count="1" type="stmt"/>
          <line num="95" count="1" type="stmt"/>
        </file>
        <file name="oneCave.actions.js" path="F:\node_progect\speleo\client\src\Redux\actions\oneCave.actions.js">
          <metrics statements="14" coveredstatements="14" conditionals="2" coveredconditionals="2" methods="10" coveredmethods="10"/>
          <line num="2" count="2" type="stmt"/>
          <line num="9" count="3" type="stmt"/>
          <line num="10" count="3" type="stmt"/>
          <line num="12" count="3" type="stmt"/>
          <line num="14" count="2" type="stmt"/>
          <line num="17" count="1" type="stmt"/>
          <line num="23" count="3" type="stmt"/>
          <line num="26" count="3" type="stmt"/>
          <line num="29" count="1" type="stmt"/>
          <line num="33" count="2" type="stmt"/>
          <line num="34" count="3" type="stmt"/>
          <line num="36" count="2" type="cond" truecount="2" falsecount="0"/>
          <line num="37" count="1" type="stmt"/>
          <line num="39" count="1" type="stmt"/>
        </file>
        <file name="oneExped.actions.js" path="F:\node_progect\speleo\client\src\Redux\actions\oneExped.actions.js">
          <metrics statements="14" coveredstatements="14" conditionals="2" coveredconditionals="2" methods="10" coveredmethods="10"/>
          <line num="2" count="2" type="stmt"/>
          <line num="9" count="3" type="stmt"/>
          <line num="10" count="3" type="stmt"/>
          <line num="12" count="3" type="stmt"/>
          <line num="14" count="2" type="stmt"/>
          <line num="17" count="1" type="stmt"/>
          <line num="23" count="3" type="stmt"/>
          <line num="26" count="3" type="stmt"/>
          <line num="29" count="1" type="stmt"/>
          <line num="33" count="2" type="stmt"/>
          <line num="34" count="3" type="stmt"/>
          <line num="36" count="2" type="cond" truecount="2" falsecount="0"/>
          <line num="37" count="1" type="stmt"/>
          <line num="39" count="1" type="stmt"/>
        </file>
        <file name="photo.actions.js" path="F:\node_progect\speleo\client\src\Redux\actions\photo.actions.js">
          <metrics statements="25" coveredstatements="23" conditionals="2" coveredconditionals="2" methods="19" coveredmethods="17"/>
          <line num="4" count="2" type="stmt"/>
          <line num="13" count="3" type="stmt"/>
          <line num="16" count="1" type="stmt"/>
          <line num="19" count="4" type="stmt"/>
          <line num="23" count="1" type="stmt"/>
          <line num="26" count="1" type="stmt"/>
          <line num="33" count="2" type="stmt"/>
          <line num="34" count="2" type="cond" truecount="2" falsecount="0"/>
          <line num="35" count="1" type="stmt"/>
          <line num="37" count="1" type="stmt"/>
          <line num="41" count="3" type="stmt"/>
          <line num="42" count="3" type="stmt"/>
          <line num="44" count="3" type="stmt"/>
          <line num="46" count="1" type="stmt"/>
          <line num="49" count="2" type="stmt"/>
          <line num="55" count="1" type="stmt"/>
          <line num="56" count="1" type="stmt"/>
          <line num="57" count="1" type="stmt"/>
          <line num="59" count="1" type="stmt"/>
          <line num="62" count="0" type="stmt"/>
          <line num="68" count="1" type="stmt"/>
          <line num="69" count="1" type="stmt"/>
          <line num="70" count="1" type="stmt"/>
          <line num="72" count="1" type="stmt"/>
          <line num="75" count="0" type="stmt"/>
        </file>
        <file name="user.actions.js" path="F:\node_progect\speleo\client\src\Redux\actions\user.actions.js">
          <metrics statements="13" coveredstatements="13" conditionals="0" coveredconditionals="0" methods="10" coveredmethods="10"/>
          <line num="3" count="10" type="stmt"/>
          <line num="11" count="10" type="stmt"/>
          <line num="17" count="2" type="stmt"/>
          <line num="18" count="2" type="stmt"/>
          <line num="20" count="2" type="stmt"/>
          <line num="22" count="1" type="stmt"/>
          <line num="25" count="1" type="stmt"/>
          <line num="31" count="2" type="stmt"/>
          <line num="34" count="1" type="stmt"/>
          <line num="37" count="1" type="stmt"/>
          <line num="42" count="1" type="stmt"/>
          <line num="43" count="1" type="stmt"/>
          <line num="45" count="1" type="stmt"/>
        </file>
      </package>
      <package name="client.src.Redux.reducers">
        <metrics statements="53" coveredstatements="53" conditionals="39" coveredconditionals="39" methods="11" coveredmethods="11"/>
        <file name="allCave.reducer.js" path="F:\node_progect\speleo\client\src\Redux\reducers\allCave.reducer.js">
          <metrics statements="13" coveredstatements="13" conditionals="8" coveredconditionals="8" methods="3" coveredmethods="3"/>
          <line num="3" count="1" type="stmt"/>
          <line num="6" count="7" type="cond" truecount="7" falsecount="0"/>
          <line num="8" count="1" type="stmt"/>
          <line num="14" count="1" type="stmt"/>
          <line num="21" count="1" type="stmt"/>
          <line num="22" count="3" type="stmt"/>
          <line num="24" count="1" type="stmt"/>
          <line num="30" count="1" type="stmt"/>
          <line num="36" count="1" type="stmt"/>
          <line num="37" count="3" type="stmt"/>
          <line num="39" count="1" type="stmt"/>
          <line num="46" count="1" type="stmt"/>
          <line num="53" count="1" type="stmt"/>
        </file>
        <file name="allExped.reducer.js" path="F:\node_progect\speleo\client\src\Redux\reducers\allExped.reducer.js">
          <metrics statements="11" coveredstatements="11" conditionals="8" coveredconditionals="8" methods="3" coveredmethods="3"/>
          <line num="6" count="1" type="stmt"/>
          <line num="9" count="7" type="cond" truecount="7" falsecount="0"/>
          <line num="11" count="1" type="stmt"/>
          <line num="17" count="1" type="stmt"/>
          <line num="23" count="3" type="stmt"/>
          <line num="24" count="1" type="stmt"/>
          <line num="30" count="1" type="stmt"/>
          <line num="36" count="3" type="stmt"/>
          <line num="37" count="1" type="stmt"/>
          <line num="43" count="1" type="stmt"/>
          <line num="50" count="1" type="stmt"/>
        </file>
        <file name="authentication.reducer.js" path="F:\node_progect\speleo\client\src\Redux\reducers\authentication.reducer.js">
          <metrics statements="7" coveredstatements="7" conditionals="6" coveredconditionals="6" methods="1" coveredmethods="1"/>
          <line num="3" count="1" type="stmt"/>
          <line num="6" count="5" type="cond" truecount="5" falsecount="0"/>
          <line num="8" count="1" type="stmt"/>
          <line num="15" count="1" type="stmt"/>
          <line num="22" count="1" type="stmt"/>
          <line num="30" count="1" type="stmt"/>
          <line num="37" count="1" type="stmt"/>
        </file>
        <file name="oneCave.reducer.js" path="F:\node_progect\speleo\client\src\Redux\reducers\oneCave.reducer.js">
          <metrics statements="6" coveredstatements="6" conditionals="5" coveredconditionals="5" methods="1" coveredmethods="1"/>
          <line num="3" count="1" type="stmt"/>
          <line num="6" count="4" type="cond" truecount="4" falsecount="0"/>
          <line num="8" count="1" type="stmt"/>
          <line num="10" count="1" type="stmt"/>
          <line num="12" count="1" type="stmt"/>
          <line num="19" count="1" type="stmt"/>
        </file>
        <file name="oneExped.reducer.js" path="F:\node_progect\speleo\client\src\Redux\reducers\oneExped.reducer.js">
          <metrics statements="6" coveredstatements="6" conditionals="5" coveredconditionals="5" methods="1" coveredmethods="1"/>
          <line num="3" count="1" type="stmt"/>
          <line num="6" count="4" type="cond" truecount="4" falsecount="0"/>
          <line num="8" count="1" type="stmt"/>
          <line num="10" count="1" type="stmt"/>
          <line num="12" count="1" type="stmt"/>
          <line num="19" count="1" type="stmt"/>
        </file>
        <file name="photo.reducer.js" path="F:\node_progect\speleo\client\src\Redux\reducers\photo.reducer.js">
          <metrics statements="10" coveredstatements="10" conditionals="7" coveredconditionals="7" methods="2" coveredmethods="2"/>
          <line num="3" count="1" type="stmt"/>
          <line num="6" count="6" type="cond" truecount="6" falsecount="0"/>
          <line num="8" count="1" type="stmt"/>
          <line num="14" count="1" type="stmt"/>
          <line num="21" count="1" type="stmt"/>
          <line num="22" count="3" type="stmt"/>
          <line num="24" count="1" type="stmt"/>
          <line num="30" count="1" type="stmt"/>
          <line num="37" count="1" type="stmt"/>
          <line num="44" count="1" type="stmt"/>
        </file>
      </package>
      <package name="client.src.utilities.api">
        <metrics statements="64" coveredstatements="64" conditionals="0" coveredconditionals="0" methods="15" coveredmethods="15"/>
        <file name="cave.service.js" path="F:\node_progect\speleo\client\src\utilities\api\cave.service.js">
          <metrics statements="21" coveredstatements="21" conditionals="0" coveredconditionals="0" methods="5" coveredmethods="5"/>
          <line num="4" count="4" type="stmt"/>
          <line num="12" count="4" type="stmt"/>
          <line num="15" count="4" type="stmt"/>
          <line num="16" count="3" type="stmt"/>
          <line num="18" count="3" type="stmt"/>
          <line num="21" count="3" type="stmt"/>
          <line num="24" count="3" type="stmt"/>
          <line num="25" count="2" type="stmt"/>
          <line num="27" count="2" type="stmt"/>
          <line num="31" count="1" type="stmt"/>
          <line num="36" count="1" type="stmt"/>
          <line num="37" count="1" type="stmt"/>
          <line num="39" count="1" type="stmt"/>
          <line num="43" count="1" type="stmt"/>
          <line num="48" count="1" type="stmt"/>
          <line num="49" count="1" type="stmt"/>
          <line num="51" count="1" type="stmt"/>
          <line num="54" count="1" type="stmt"/>
          <line num="58" count="1" type="stmt"/>
          <line num="59" count="1" type="stmt"/>
          <line num="61" count="1" type="stmt"/>
        </file>
        <file name="expedition.service.js" path="F:\node_progect\speleo\client\src\utilities\api\expedition.service.js">
          <metrics statements="21" coveredstatements="21" conditionals="0" coveredconditionals="0" methods="5" coveredmethods="5"/>
          <line num="4" count="4" type="stmt"/>
          <line num="12" count="2" type="stmt"/>
          <line num="15" count="2" type="stmt"/>
          <line num="16" count="1" type="stmt"/>
          <line num="18" count="1" type="stmt"/>
          <line num="21" count="3" type="stmt"/>
          <line num="24" count="3" type="stmt"/>
          <line num="25" count="2" type="stmt"/>
          <line num="27" count="2" type="stmt"/>
          <line num="31" count="1" type="stmt"/>
          <line num="36" count="1" type="stmt"/>
          <line num="37" count="1" type="stmt"/>
          <line num="39" count="1" type="stmt"/>
          <line num="43" count="1" type="stmt"/>
          <line num="48" count="1" type="stmt"/>
          <line num="49" count="1" type="stmt"/>
          <line num="51" count="1" type="stmt"/>
          <line num="54" count="1" type="stmt"/>
          <line num="58" count="1" type="stmt"/>
          <line num="59" count="1" type="stmt"/>
          <line num="61" count="1" type="stmt"/>
        </file>
        <file name="photo.service.js" path="F:\node_progect\speleo\client\src\utilities\api\photo.service.js">
          <metrics statements="13" coveredstatements="13" conditionals="0" coveredconditionals="0" methods="3" coveredmethods="3"/>
          <line num="4" count="2" type="stmt"/>
          <line num="10" count="3" type="stmt"/>
          <line num="13" count="3" type="stmt"/>
          <line num="14" count="1" type="stmt"/>
          <line num="16" count="1" type="stmt"/>
          <line num="19" count="1" type="stmt"/>
          <line num="27" count="1" type="stmt"/>
          <line num="28" count="1" type="stmt"/>
          <line num="30" count="1" type="stmt"/>
          <line num="33" count="1" type="stmt"/>
          <line num="37" count="1" type="stmt"/>
          <line num="38" count="1" type="stmt"/>
          <line num="40" count="1" type="stmt"/>
        </file>
        <file name="user.service.js" path="F:\node_progect\speleo\client\src\utilities\api\user.service.js">
          <metrics statements="9" coveredstatements="9" conditionals="0" coveredconditionals="0" methods="2" coveredmethods="2"/>
          <line num="7" count="8" type="stmt"/>
          <line num="14" count="2" type="stmt"/>
          <line num="20" count="2" type="stmt"/>
          <line num="21" count="1" type="stmt"/>
          <line num="23" count="1" type="stmt"/>
          <line num="27" count="1" type="stmt"/>
          <line num="31" count="1" type="stmt"/>
          <line num="32" count="1" type="stmt"/>
          <line num="33" count="1" type="stmt"/>
        </file>
      </package>
      <package name="client.src.utilities.helpers">
        <metrics statements="12" coveredstatements="10" conditionals="4" coveredconditionals="3" methods="3" coveredmethods="3"/>
        <file name="auth-header.js" path="F:\node_progect\speleo\client\src\utilities\helpers\auth-header.js">
          <metrics statements="6" coveredstatements="6" conditionals="2" coveredconditionals="2" methods="1" coveredmethods="1"/>
          <line num="1" count="12" type="stmt"/>
          <line num="3" count="10" type="stmt"/>
          <line num="4" count="10" type="cond" truecount="2" falsecount="0"/>
          <line num="5" count="8" type="stmt"/>
          <line num="10" count="2" type="stmt"/>
          <line num="14" count="10" type="stmt"/>
        </file>
        <file name="handleResponse.js" path="F:\node_progect\speleo\client\src\utilities\helpers\handleResponse.js">
          <metrics statements="6" coveredstatements="4" conditionals="2" coveredconditionals="1" methods="2" coveredmethods="2"/>
          <line num="2" count="19" type="stmt"/>
          <line num="3" count="19" type="stmt"/>
          <line num="4" count="19" type="cond" truecount="1" falsecount="1"/>
          <line num="5" count="0" type="stmt"/>
          <line num="12" count="0" type="stmt"/>
          <line num="15" count="19" type="stmt"/>
        </file>
      </package>
    </metrics>
  </project>
</coverage>
