{"F:\\node_progect\\speleo\\client\\setupJest.js": {"path":"F:\\node_progect\\speleo\\client\\setupJest.js","statementMap":{"0":{"start":{"line":1,"column":0},"end":{"line":1,"column":42}}},"fnMap":{},"branchMap":{},"s":{"0":12},"f":{},"b":{},"_coverageSchema":"332fd63041d2c1bcb487cc26dd0d5f7d97098a6c","hash":"543bd904899af4f50001b84ec8b1698a998ab4e9"}
,"F:\\node_progect\\speleo\\client\\src\\Redux\\actions\\allCave.actions.js": {"path":"F:\\node_progect\\speleo\\client\\src\\Redux\\actions\\allCave.actions.js","statementMap":{"0":{"start":{"line":4,"column":32},"end":{"line":11,"column":1}},"1":{"start":{"line":14,"column":2},"end":{"line":25,"column":4}},"2":{"start":{"line":15,"column":4},"end":{"line":15,"column":24}},"3":{"start":{"line":17,"column":4},"end":{"line":24,"column":6}},"4":{"start":{"line":19,"column":8},"end":{"line":19,"column":41}},"5":{"start":{"line":22,"column":8},"end":{"line":22,"column":33}},"6":{"start":{"line":28,"column":2},"end":{"line":38,"column":4}},"7":{"start":{"line":29,"column":18},"end":{"line":29,"column":39}},"8":{"start":{"line":30,"column":4},"end":{"line":37,"column":6}},"9":{"start":{"line":32,"column":8},"end":{"line":32,"column":43}},"10":{"start":{"line":35,"column":8},"end":{"line":35,"column":38}},"11":{"start":{"line":41,"column":2},"end":{"line":51,"column":4}},"12":{"start":{"line":42,"column":18},"end":{"line":42,"column":39}},"13":{"start":{"line":43,"column":4},"end":{"line":50,"column":6}},"14":{"start":{"line":45,"column":8},"end":{"line":45,"column":43}},"15":{"start":{"line":48,"column":8},"end":{"line":48,"column":38}},"16":{"start":{"line":54,"column":2},"end":{"line":65,"column":4}},"17":{"start":{"line":55,"column":18},"end":{"line":55,"column":39}},"18":{"start":{"line":57,"column":4},"end":{"line":64,"column":6}},"19":{"start":{"line":59,"column":8},"end":{"line":59,"column":43}},"20":{"start":{"line":62,"column":8},"end":{"line":62,"column":38}},"21":{"start":{"line":68,"column":2},"end":{"line":68,"column":53}},"22":{"start":{"line":71,"column":2},"end":{"line":71,"column":60}},"23":{"start":{"line":74,"column":2},"end":{"line":74,"column":60}},"24":{"start":{"line":78,"column":2},"end":{"line":78,"column":62}},"25":{"start":{"line":81,"column":2},"end":{"line":84,"column":4}},"26":{"start":{"line":87,"column":2},"end":{"line":90,"column":4}},"27":{"start":{"line":93,"column":2},"end":{"line":97,"column":4}},"28":{"start":{"line":94,"column":4},"end":{"line":96,"column":29}},"29":{"start":{"line":100,"column":32},"end":{"line":100,"column":43}},"30":{"start":{"line":101,"column":2},"end":{"line":107,"column":3}},"31":{"start":{"line":102,"column":4},"end":{"line":102,"column":16}},"32":{"start":{"line":103,"column":9},"end":{"line":107,"column":3}},"33":{"start":{"line":104,"column":4},"end":{"line":104,"column":17}},"34":{"start":{"line":106,"column":4},"end":{"line":106,"column":16}},"35":{"start":{"line":111,"column":2},"end":{"line":113,"column":4}},"36":{"start":{"line":112,"column":4},"end":{"line":112,"column":79}}},"fnMap":{"0":{"name":"getAllCaves","decl":{"start":{"line":13,"column":16},"end":{"line":13,"column":27}},"loc":{"start":{"line":13,"column":30},"end":{"line":26,"column":1}},"line":13},"1":{"name":"(anonymous_1)","decl":{"start":{"line":14,"column":9},"end":{"line":14,"column":10}},"loc":{"start":{"line":14,"column":21},"end":{"line":25,"column":3}},"line":14},"2":{"name":"(anonymous_2)","decl":{"start":{"line":18,"column":6},"end":{"line":18,"column":7}},"loc":{"start":{"line":18,"column":15},"end":{"line":20,"column":7}},"line":18},"3":{"name":"(anonymous_3)","decl":{"start":{"line":21,"column":6},"end":{"line":21,"column":7}},"loc":{"start":{"line":21,"column":15},"end":{"line":23,"column":7}},"line":21},"4":{"name":"deleteCave","decl":{"start":{"line":27,"column":16},"end":{"line":27,"column":26}},"loc":{"start":{"line":27,"column":31},"end":{"line":39,"column":1}},"line":27},"5":{"name":"(anonymous_5)","decl":{"start":{"line":28,"column":9},"end":{"line":28,"column":10}},"loc":{"start":{"line":28,"column":33},"end":{"line":38,"column":3}},"line":28},"6":{"name":"(anonymous_6)","decl":{"start":{"line":31,"column":6},"end":{"line":31,"column":7}},"loc":{"start":{"line":31,"column":14},"end":{"line":33,"column":7}},"line":31},"7":{"name":"(anonymous_7)","decl":{"start":{"line":34,"column":6},"end":{"line":34,"column":7}},"loc":{"start":{"line":34,"column":15},"end":{"line":36,"column":7}},"line":34},"8":{"name":"setCave","decl":{"start":{"line":40,"column":16},"end":{"line":40,"column":23}},"loc":{"start":{"line":40,"column":30},"end":{"line":52,"column":1}},"line":40},"9":{"name":"(anonymous_9)","decl":{"start":{"line":41,"column":9},"end":{"line":41,"column":10}},"loc":{"start":{"line":41,"column":33},"end":{"line":51,"column":3}},"line":41},"10":{"name":"(anonymous_10)","decl":{"start":{"line":44,"column":6},"end":{"line":44,"column":7}},"loc":{"start":{"line":44,"column":14},"end":{"line":46,"column":7}},"line":44},"11":{"name":"(anonymous_11)","decl":{"start":{"line":47,"column":6},"end":{"line":47,"column":7}},"loc":{"start":{"line":47,"column":15},"end":{"line":49,"column":7}},"line":47},"12":{"name":"updateCave","decl":{"start":{"line":53,"column":16},"end":{"line":53,"column":26}},"loc":{"start":{"line":53,"column":37},"end":{"line":66,"column":1}},"line":53},"13":{"name":"(anonymous_13)","decl":{"start":{"line":54,"column":9},"end":{"line":54,"column":10}},"loc":{"start":{"line":54,"column":33},"end":{"line":65,"column":3}},"line":54},"14":{"name":"(anonymous_14)","decl":{"start":{"line":58,"column":6},"end":{"line":58,"column":7}},"loc":{"start":{"line":58,"column":14},"end":{"line":60,"column":7}},"line":58},"15":{"name":"(anonymous_15)","decl":{"start":{"line":61,"column":6},"end":{"line":61,"column":7}},"loc":{"start":{"line":61,"column":15},"end":{"line":63,"column":7}},"line":61},"16":{"name":"request","decl":{"start":{"line":67,"column":9},"end":{"line":67,"column":16}},"loc":{"start":{"line":67,"column":19},"end":{"line":69,"column":1}},"line":67},"17":{"name":"allSuccess","decl":{"start":{"line":70,"column":9},"end":{"line":70,"column":19}},"loc":{"start":{"line":70,"column":27},"end":{"line":72,"column":1}},"line":70},"18":{"name":"failure","decl":{"start":{"line":73,"column":9},"end":{"line":73,"column":16}},"loc":{"start":{"line":73,"column":24},"end":{"line":75,"column":1}},"line":73},"19":{"name":"deleteSuccess","decl":{"start":{"line":77,"column":9},"end":{"line":77,"column":22}},"loc":{"start":{"line":77,"column":29},"end":{"line":79,"column":1}},"line":77},"20":{"name":"createSuccess","decl":{"start":{"line":80,"column":9},"end":{"line":80,"column":22}},"loc":{"start":{"line":80,"column":29},"end":{"line":85,"column":1}},"line":80},"21":{"name":"updateSuccess","decl":{"start":{"line":86,"column":9},"end":{"line":86,"column":22}},"loc":{"start":{"line":86,"column":29},"end":{"line":91,"column":1}},"line":86},"22":{"name":"errorHandler","decl":{"start":{"line":92,"column":16},"end":{"line":92,"column":28}},"loc":{"start":{"line":92,"column":36},"end":{"line":98,"column":1}},"line":92},"23":{"name":"(anonymous_23)","decl":{"start":{"line":93,"column":9},"end":{"line":93,"column":10}},"loc":{"start":{"line":93,"column":21},"end":{"line":97,"column":3}},"line":93},"24":{"name":"shouldFetchPosts","decl":{"start":{"line":99,"column":9},"end":{"line":99,"column":25}},"loc":{"start":{"line":99,"column":33},"end":{"line":108,"column":1}},"line":99},"25":{"name":"fetchPostsIfNeeded","decl":{"start":{"line":110,"column":16},"end":{"line":110,"column":34}},"loc":{"start":{"line":110,"column":37},"end":{"line":114,"column":1}},"line":110},"26":{"name":"(anonymous_26)","decl":{"start":{"line":111,"column":9},"end":{"line":111,"column":10}},"loc":{"start":{"line":111,"column":33},"end":{"line":113,"column":3}},"line":111}},"branchMap":{"0":{"loc":{"start":{"line":94,"column":4},"end":{"line":96,"column":28}},"type":"cond-expr","locations":[{"start":{"line":94,"column":29},"end":{"line":95,"column":44}},{"start":{"line":96,"column":4},"end":{"line":96,"column":28}}],"line":94},"1":{"loc":{"start":{"line":101,"column":2},"end":{"line":107,"column":3}},"type":"if","locations":[{"start":{"line":101,"column":2},"end":{"line":107,"column":3}},{"start":{"line":101,"column":2},"end":{"line":107,"column":3}}],"line":101},"2":{"loc":{"start":{"line":103,"column":9},"end":{"line":107,"column":3}},"type":"if","locations":[{"start":{"line":103,"column":9},"end":{"line":107,"column":3}},{"start":{"line":103,"column":9},"end":{"line":107,"column":3}}],"line":103},"3":{"loc":{"start":{"line":112,"column":4},"end":{"line":112,"column":78}},"type":"cond-expr","locations":[{"start":{"line":112,"column":35},"end":{"line":112,"column":58}},{"start":{"line":112,"column":61},"end":{"line":112,"column":78}}],"line":112}},"s":{"0":2,"1":4,"2":4,"3":4,"4":3,"5":1,"6":1,"7":1,"8":1,"9":1,"10":0,"11":1,"12":1,"13":1,"14":1,"15":0,"16":1,"17":1,"18":1,"19":1,"20":0,"21":4,"22":3,"23":3,"24":1,"25":1,"26":1,"27":2,"28":2,"29":2,"30":2,"31":2,"32":0,"33":0,"34":0,"35":2,"36":2},"f":{"0":4,"1":4,"2":3,"3":1,"4":1,"5":1,"6":1,"7":0,"8":1,"9":1,"10":1,"11":0,"12":1,"13":1,"14":1,"15":0,"16":4,"17":3,"18":3,"19":1,"20":1,"21":1,"22":2,"23":2,"24":2,"25":2,"26":2},"b":{"0":[1,1],"1":[2,0],"2":[0,0],"3":[2,0]},"_coverageSchema":"332fd63041d2c1bcb487cc26dd0d5f7d97098a6c","hash":"fc9ce644dcfe66a695c00c20ca53a48fbf2f6554"}
,"F:\\node_progect\\speleo\\client\\src\\Redux\\actions\\allExped.actions.js": {"path":"F:\\node_progect\\speleo\\client\\src\\Redux\\actions\\allExped.actions.js","statementMap":{"0":{"start":{"line":3,"column":38},"end":{"line":10,"column":1}},"1":{"start":{"line":13,"column":2},"end":{"line":24,"column":4}},"2":{"start":{"line":14,"column":4},"end":{"line":14,"column":24}},"3":{"start":{"line":16,"column":4},"end":{"line":23,"column":6}},"4":{"start":{"line":18,"column":8},"end":{"line":18,"column":47}},"5":{"start":{"line":21,"column":8},"end":{"line":21,"column":33}},"6":{"start":{"line":27,"column":2},"end":{"line":37,"column":4}},"7":{"start":{"line":28,"column":18},"end":{"line":28,"column":39}},"8":{"start":{"line":29,"column":4},"end":{"line":36,"column":6}},"9":{"start":{"line":31,"column":8},"end":{"line":31,"column":49}},"10":{"start":{"line":34,"column":8},"end":{"line":34,"column":38}},"11":{"start":{"line":40,"column":2},"end":{"line":50,"column":4}},"12":{"start":{"line":41,"column":18},"end":{"line":41,"column":39}},"13":{"start":{"line":42,"column":4},"end":{"line":49,"column":6}},"14":{"start":{"line":44,"column":8},"end":{"line":44,"column":49}},"15":{"start":{"line":47,"column":8},"end":{"line":47,"column":38}},"16":{"start":{"line":53,"column":2},"end":{"line":64,"column":4}},"17":{"start":{"line":54,"column":18},"end":{"line":54,"column":39}},"18":{"start":{"line":56,"column":4},"end":{"line":63,"column":6}},"19":{"start":{"line":58,"column":8},"end":{"line":58,"column":49}},"20":{"start":{"line":61,"column":8},"end":{"line":61,"column":38}},"21":{"start":{"line":67,"column":2},"end":{"line":67,"column":66}},"22":{"start":{"line":70,"column":2},"end":{"line":70,"column":73}},"23":{"start":{"line":73,"column":2},"end":{"line":73,"column":73}},"24":{"start":{"line":76,"column":2},"end":{"line":76,"column":75}},"25":{"start":{"line":79,"column":2},"end":{"line":82,"column":4}},"26":{"start":{"line":85,"column":2},"end":{"line":88,"column":4}},"27":{"start":{"line":91,"column":2},"end":{"line":96,"column":4}},"28":{"start":{"line":92,"column":4},"end":{"line":94,"column":5}},"29":{"start":{"line":93,"column":6},"end":{"line":93,"column":82}},"30":{"start":{"line":95,"column":4},"end":{"line":95,"column":36}}},"fnMap":{"0":{"name":"getAllExpeditions","decl":{"start":{"line":12,"column":16},"end":{"line":12,"column":33}},"loc":{"start":{"line":12,"column":36},"end":{"line":25,"column":1}},"line":12},"1":{"name":"(anonymous_1)","decl":{"start":{"line":13,"column":9},"end":{"line":13,"column":10}},"loc":{"start":{"line":13,"column":21},"end":{"line":24,"column":3}},"line":13},"2":{"name":"(anonymous_2)","decl":{"start":{"line":17,"column":6},"end":{"line":17,"column":7}},"loc":{"start":{"line":17,"column":15},"end":{"line":19,"column":7}},"line":17},"3":{"name":"(anonymous_3)","decl":{"start":{"line":20,"column":6},"end":{"line":20,"column":7}},"loc":{"start":{"line":20,"column":15},"end":{"line":22,"column":7}},"line":20},"4":{"name":"deleteExpedition","decl":{"start":{"line":26,"column":16},"end":{"line":26,"column":32}},"loc":{"start":{"line":26,"column":37},"end":{"line":38,"column":1}},"line":26},"5":{"name":"(anonymous_5)","decl":{"start":{"line":27,"column":9},"end":{"line":27,"column":10}},"loc":{"start":{"line":27,"column":33},"end":{"line":37,"column":3}},"line":27},"6":{"name":"(anonymous_6)","decl":{"start":{"line":30,"column":6},"end":{"line":30,"column":7}},"loc":{"start":{"line":30,"column":14},"end":{"line":32,"column":7}},"line":30},"7":{"name":"(anonymous_7)","decl":{"start":{"line":33,"column":6},"end":{"line":33,"column":7}},"loc":{"start":{"line":33,"column":15},"end":{"line":35,"column":7}},"line":33},"8":{"name":"setExpedition","decl":{"start":{"line":39,"column":16},"end":{"line":39,"column":29}},"loc":{"start":{"line":39,"column":42},"end":{"line":51,"column":1}},"line":39},"9":{"name":"(anonymous_9)","decl":{"start":{"line":40,"column":9},"end":{"line":40,"column":10}},"loc":{"start":{"line":40,"column":33},"end":{"line":50,"column":3}},"line":40},"10":{"name":"(anonymous_10)","decl":{"start":{"line":43,"column":6},"end":{"line":43,"column":7}},"loc":{"start":{"line":43,"column":14},"end":{"line":45,"column":7}},"line":43},"11":{"name":"(anonymous_11)","decl":{"start":{"line":46,"column":6},"end":{"line":46,"column":7}},"loc":{"start":{"line":46,"column":15},"end":{"line":48,"column":7}},"line":46},"12":{"name":"updateExpedition","decl":{"start":{"line":52,"column":16},"end":{"line":52,"column":32}},"loc":{"start":{"line":52,"column":49},"end":{"line":65,"column":1}},"line":52},"13":{"name":"(anonymous_13)","decl":{"start":{"line":53,"column":9},"end":{"line":53,"column":10}},"loc":{"start":{"line":53,"column":33},"end":{"line":64,"column":3}},"line":53},"14":{"name":"(anonymous_14)","decl":{"start":{"line":57,"column":6},"end":{"line":57,"column":7}},"loc":{"start":{"line":57,"column":14},"end":{"line":59,"column":7}},"line":57},"15":{"name":"(anonymous_15)","decl":{"start":{"line":60,"column":6},"end":{"line":60,"column":7}},"loc":{"start":{"line":60,"column":15},"end":{"line":62,"column":7}},"line":60},"16":{"name":"request","decl":{"start":{"line":66,"column":9},"end":{"line":66,"column":16}},"loc":{"start":{"line":66,"column":19},"end":{"line":68,"column":1}},"line":66},"17":{"name":"allSuccess","decl":{"start":{"line":69,"column":9},"end":{"line":69,"column":19}},"loc":{"start":{"line":69,"column":27},"end":{"line":71,"column":1}},"line":69},"18":{"name":"failure","decl":{"start":{"line":72,"column":9},"end":{"line":72,"column":16}},"loc":{"start":{"line":72,"column":24},"end":{"line":74,"column":1}},"line":72},"19":{"name":"deleteSuccess","decl":{"start":{"line":75,"column":9},"end":{"line":75,"column":22}},"loc":{"start":{"line":75,"column":29},"end":{"line":77,"column":1}},"line":75},"20":{"name":"createSuccess","decl":{"start":{"line":78,"column":9},"end":{"line":78,"column":22}},"loc":{"start":{"line":78,"column":29},"end":{"line":83,"column":1}},"line":78},"21":{"name":"updateSuccess","decl":{"start":{"line":84,"column":9},"end":{"line":84,"column":22}},"loc":{"start":{"line":84,"column":29},"end":{"line":89,"column":1}},"line":84},"22":{"name":"errorHandler","decl":{"start":{"line":90,"column":16},"end":{"line":90,"column":28}},"loc":{"start":{"line":90,"column":36},"end":{"line":97,"column":1}},"line":90},"23":{"name":"(anonymous_23)","decl":{"start":{"line":91,"column":9},"end":{"line":91,"column":10}},"loc":{"start":{"line":91,"column":21},"end":{"line":96,"column":3}},"line":91}},"branchMap":{"0":{"loc":{"start":{"line":92,"column":4},"end":{"line":94,"column":5}},"type":"if","locations":[{"start":{"line":92,"column":4},"end":{"line":94,"column":5}},{"start":{"line":92,"column":4},"end":{"line":94,"column":5}}],"line":92}},"s":{"0":2,"1":2,"2":2,"3":2,"4":1,"5":1,"6":1,"7":1,"8":1,"9":1,"10":0,"11":1,"12":1,"13":1,"14":1,"15":0,"16":1,"17":1,"18":1,"19":1,"20":0,"21":2,"22":1,"23":3,"24":1,"25":1,"26":1,"27":2,"28":2,"29":1,"30":1},"f":{"0":2,"1":2,"2":1,"3":1,"4":1,"5":1,"6":1,"7":0,"8":1,"9":1,"10":1,"11":0,"12":1,"13":1,"14":1,"15":0,"16":2,"17":1,"18":3,"19":1,"20":1,"21":1,"22":2,"23":2},"b":{"0":[1,1]},"_coverageSchema":"332fd63041d2c1bcb487cc26dd0d5f7d97098a6c","hash":"bdd79dfdd0a5c9cb0f71b3525f4ab47c4ea43d33"}
,"F:\\node_progect\\speleo\\client\\src\\Redux\\actions\\oneCave.actions.js": {"path":"F:\\node_progect\\speleo\\client\\src\\Redux\\actions\\oneCave.actions.js","statementMap":{"0":{"start":{"line":2,"column":32},"end":{"line":6,"column":1}},"1":{"start":{"line":9,"column":2},"end":{"line":20,"column":4}},"2":{"start":{"line":10,"column":4},"end":{"line":10,"column":24}},"3":{"start":{"line":12,"column":4},"end":{"line":19,"column":6}},"4":{"start":{"line":14,"column":8},"end":{"line":14,"column":37}},"5":{"start":{"line":17,"column":8},"end":{"line":17,"column":33}},"6":{"start":{"line":23,"column":2},"end":{"line":23,"column":53}},"7":{"start":{"line":26,"column":2},"end":{"line":26,"column":59}},"8":{"start":{"line":29,"column":2},"end":{"line":29,"column":60}},"9":{"start":{"line":33,"column":2},"end":{"line":40,"column":4}},"10":{"start":{"line":34,"column":17},"end":{"line":34,"column":69}},"11":{"start":{"line":34,"column":53},"end":{"line":34,"column":68}},"12":{"start":{"line":36,"column":4},"end":{"line":38,"column":5}},"13":{"start":{"line":37,"column":6},"end":{"line":37,"column":37}},"14":{"start":{"line":39,"column":4},"end":{"line":39,"column":36}}},"fnMap":{"0":{"name":"getOneCave","decl":{"start":{"line":8,"column":16},"end":{"line":8,"column":26}},"loc":{"start":{"line":8,"column":31},"end":{"line":21,"column":1}},"line":8},"1":{"name":"(anonymous_1)","decl":{"start":{"line":9,"column":9},"end":{"line":9,"column":10}},"loc":{"start":{"line":9,"column":21},"end":{"line":20,"column":3}},"line":9},"2":{"name":"(anonymous_2)","decl":{"start":{"line":13,"column":6},"end":{"line":13,"column":7}},"loc":{"start":{"line":13,"column":14},"end":{"line":15,"column":7}},"line":13},"3":{"name":"(anonymous_3)","decl":{"start":{"line":16,"column":6},"end":{"line":16,"column":7}},"loc":{"start":{"line":16,"column":15},"end":{"line":18,"column":7}},"line":16},"4":{"name":"request","decl":{"start":{"line":22,"column":9},"end":{"line":22,"column":16}},"loc":{"start":{"line":22,"column":19},"end":{"line":24,"column":1}},"line":22},"5":{"name":"success","decl":{"start":{"line":25,"column":9},"end":{"line":25,"column":16}},"loc":{"start":{"line":25,"column":23},"end":{"line":27,"column":1}},"line":25},"6":{"name":"failure","decl":{"start":{"line":28,"column":9},"end":{"line":28,"column":16}},"loc":{"start":{"line":28,"column":24},"end":{"line":30,"column":1}},"line":28},"7":{"name":"FetchIfNeeded","decl":{"start":{"line":32,"column":16},"end":{"line":32,"column":29}},"loc":{"start":{"line":32,"column":34},"end":{"line":41,"column":1}},"line":32},"8":{"name":"(anonymous_8)","decl":{"start":{"line":33,"column":9},"end":{"line":33,"column":10}},"loc":{"start":{"line":33,"column":33},"end":{"line":40,"column":3}},"line":33},"9":{"name":"(anonymous_9)","decl":{"start":{"line":34,"column":45},"end":{"line":34,"column":46}},"loc":{"start":{"line":34,"column":53},"end":{"line":34,"column":68}},"line":34}},"branchMap":{"0":{"loc":{"start":{"line":36,"column":4},"end":{"line":38,"column":5}},"type":"if","locations":[{"start":{"line":36,"column":4},"end":{"line":38,"column":5}},{"start":{"line":36,"column":4},"end":{"line":38,"column":5}}],"line":36}},"s":{"0":2,"1":3,"2":3,"3":3,"4":2,"5":1,"6":3,"7":3,"8":1,"9":2,"10":2,"11":3,"12":2,"13":1,"14":1},"f":{"0":3,"1":3,"2":2,"3":1,"4":3,"5":3,"6":1,"7":2,"8":2,"9":3},"b":{"0":[1,1]},"_coverageSchema":"332fd63041d2c1bcb487cc26dd0d5f7d97098a6c","hash":"e8c40589c19053a7a46b0d15e5f1035032dd4f01"}
,"F:\\node_progect\\speleo\\client\\src\\Redux\\actions\\oneExped.actions.js": {"path":"F:\\node_progect\\speleo\\client\\src\\Redux\\actions\\oneExped.actions.js","statementMap":{"0":{"start":{"line":2,"column":38},"end":{"line":6,"column":1}},"1":{"start":{"line":9,"column":2},"end":{"line":20,"column":4}},"2":{"start":{"line":10,"column":4},"end":{"line":10,"column":24}},"3":{"start":{"line":12,"column":3},"end":{"line":19,"column":6}},"4":{"start":{"line":14,"column":8},"end":{"line":14,"column":43}},"5":{"start":{"line":17,"column":8},"end":{"line":17,"column":33}},"6":{"start":{"line":23,"column":2},"end":{"line":23,"column":66}},"7":{"start":{"line":26,"column":2},"end":{"line":26,"column":72}},"8":{"start":{"line":29,"column":2},"end":{"line":29,"column":73}},"9":{"start":{"line":33,"column":2},"end":{"line":40,"column":4}},"10":{"start":{"line":34,"column":17},"end":{"line":34,"column":75}},"11":{"start":{"line":34,"column":59},"end":{"line":34,"column":74}},"12":{"start":{"line":36,"column":4},"end":{"line":38,"column":5}},"13":{"start":{"line":37,"column":6},"end":{"line":37,"column":37}},"14":{"start":{"line":39,"column":4},"end":{"line":39,"column":42}}},"fnMap":{"0":{"name":"getOneExpedition","decl":{"start":{"line":8,"column":16},"end":{"line":8,"column":32}},"loc":{"start":{"line":8,"column":37},"end":{"line":21,"column":1}},"line":8},"1":{"name":"(anonymous_1)","decl":{"start":{"line":9,"column":9},"end":{"line":9,"column":10}},"loc":{"start":{"line":9,"column":21},"end":{"line":20,"column":3}},"line":9},"2":{"name":"(anonymous_2)","decl":{"start":{"line":13,"column":6},"end":{"line":13,"column":7}},"loc":{"start":{"line":13,"column":14},"end":{"line":15,"column":7}},"line":13},"3":{"name":"(anonymous_3)","decl":{"start":{"line":16,"column":6},"end":{"line":16,"column":7}},"loc":{"start":{"line":16,"column":15},"end":{"line":18,"column":7}},"line":16},"4":{"name":"request","decl":{"start":{"line":22,"column":9},"end":{"line":22,"column":16}},"loc":{"start":{"line":22,"column":19},"end":{"line":24,"column":1}},"line":22},"5":{"name":"success","decl":{"start":{"line":25,"column":9},"end":{"line":25,"column":16}},"loc":{"start":{"line":25,"column":23},"end":{"line":27,"column":1}},"line":25},"6":{"name":"failure","decl":{"start":{"line":28,"column":9},"end":{"line":28,"column":16}},"loc":{"start":{"line":28,"column":24},"end":{"line":30,"column":1}},"line":28},"7":{"name":"FetchIfNeeded","decl":{"start":{"line":32,"column":16},"end":{"line":32,"column":29}},"loc":{"start":{"line":32,"column":34},"end":{"line":41,"column":1}},"line":32},"8":{"name":"(anonymous_8)","decl":{"start":{"line":33,"column":9},"end":{"line":33,"column":10}},"loc":{"start":{"line":33,"column":33},"end":{"line":40,"column":3}},"line":33},"9":{"name":"(anonymous_9)","decl":{"start":{"line":34,"column":51},"end":{"line":34,"column":52}},"loc":{"start":{"line":34,"column":59},"end":{"line":34,"column":74}},"line":34}},"branchMap":{"0":{"loc":{"start":{"line":36,"column":4},"end":{"line":38,"column":5}},"type":"if","locations":[{"start":{"line":36,"column":4},"end":{"line":38,"column":5}},{"start":{"line":36,"column":4},"end":{"line":38,"column":5}}],"line":36}},"s":{"0":2,"1":3,"2":3,"3":3,"4":2,"5":1,"6":3,"7":3,"8":1,"9":2,"10":2,"11":3,"12":2,"13":1,"14":1},"f":{"0":3,"1":3,"2":2,"3":1,"4":3,"5":3,"6":1,"7":2,"8":2,"9":3},"b":{"0":[1,1]},"_coverageSchema":"332fd63041d2c1bcb487cc26dd0d5f7d97098a6c","hash":"236367b5f5fa3dcbaf7388d80c9017a103006608"}
,"F:\\node_progect\\speleo\\client\\src\\Redux\\actions\\photo.actions.js": {"path":"F:\\node_progect\\speleo\\client\\src\\Redux\\actions\\photo.actions.js","statementMap":{"0":{"start":{"line":4,"column":30},"end":{"line":10,"column":1}},"1":{"start":{"line":13,"column":2},"end":{"line":13,"column":48}},"2":{"start":{"line":16,"column":2},"end":{"line":16,"column":55}},"3":{"start":{"line":19,"column":2},"end":{"line":19,"column":55}},"4":{"start":{"line":23,"column":2},"end":{"line":23,"column":61}},"5":{"start":{"line":26,"column":2},"end":{"line":29,"column":4}},"6":{"start":{"line":33,"column":2},"end":{"line":38,"column":4}},"7":{"start":{"line":34,"column":4},"end":{"line":36,"column":5}},"8":{"start":{"line":35,"column":6},"end":{"line":35,"column":82}},"9":{"start":{"line":37,"column":4},"end":{"line":37,"column":36}},"10":{"start":{"line":41,"column":2},"end":{"line":52,"column":4}},"11":{"start":{"line":42,"column":4},"end":{"line":42,"column":24}},"12":{"start":{"line":44,"column":4},"end":{"line":51,"column":6}},"13":{"start":{"line":46,"column":8},"end":{"line":46,"column":42}},"14":{"start":{"line":49,"column":8},"end":{"line":49,"column":33}},"15":{"start":{"line":55,"column":2},"end":{"line":65,"column":4}},"16":{"start":{"line":56,"column":18},"end":{"line":56,"column":39}},"17":{"start":{"line":57,"column":4},"end":{"line":64,"column":6}},"18":{"start":{"line":59,"column":8},"end":{"line":59,"column":44}},"19":{"start":{"line":62,"column":8},"end":{"line":62,"column":28}},"20":{"start":{"line":68,"column":2},"end":{"line":78,"column":4}},"21":{"start":{"line":69,"column":18},"end":{"line":69,"column":39}},"22":{"start":{"line":70,"column":4},"end":{"line":77,"column":6}},"23":{"start":{"line":72,"column":8},"end":{"line":72,"column":44}},"24":{"start":{"line":75,"column":8},"end":{"line":75,"column":28}}},"fnMap":{"0":{"name":"request","decl":{"start":{"line":12,"column":9},"end":{"line":12,"column":16}},"loc":{"start":{"line":12,"column":19},"end":{"line":14,"column":1}},"line":12},"1":{"name":"allSuccess","decl":{"start":{"line":15,"column":9},"end":{"line":15,"column":19}},"loc":{"start":{"line":15,"column":27},"end":{"line":17,"column":1}},"line":15},"2":{"name":"failure","decl":{"start":{"line":18,"column":9},"end":{"line":18,"column":16}},"loc":{"start":{"line":18,"column":24},"end":{"line":20,"column":1}},"line":18},"3":{"name":"deleteSuccess","decl":{"start":{"line":22,"column":9},"end":{"line":22,"column":22}},"loc":{"start":{"line":22,"column":29},"end":{"line":24,"column":1}},"line":22},"4":{"name":"createSuccess","decl":{"start":{"line":25,"column":9},"end":{"line":25,"column":22}},"loc":{"start":{"line":25,"column":29},"end":{"line":30,"column":1}},"line":25},"5":{"name":"errorHandler","decl":{"start":{"line":32,"column":16},"end":{"line":32,"column":28}},"loc":{"start":{"line":32,"column":36},"end":{"line":39,"column":1}},"line":32},"6":{"name":"(anonymous_6)","decl":{"start":{"line":33,"column":9},"end":{"line":33,"column":10}},"loc":{"start":{"line":33,"column":21},"end":{"line":38,"column":3}},"line":33},"7":{"name":"getPhotos","decl":{"start":{"line":40,"column":16},"end":{"line":40,"column":25}},"loc":{"start":{"line":40,"column":30},"end":{"line":53,"column":1}},"line":40},"8":{"name":"(anonymous_8)","decl":{"start":{"line":41,"column":9},"end":{"line":41,"column":10}},"loc":{"start":{"line":41,"column":21},"end":{"line":52,"column":3}},"line":41},"9":{"name":"(anonymous_9)","decl":{"start":{"line":45,"column":6},"end":{"line":45,"column":7}},"loc":{"start":{"line":45,"column":15},"end":{"line":47,"column":7}},"line":45},"10":{"name":"(anonymous_10)","decl":{"start":{"line":48,"column":6},"end":{"line":48,"column":7}},"loc":{"start":{"line":48,"column":15},"end":{"line":50,"column":7}},"line":48},"11":{"name":"deletePhoto","decl":{"start":{"line":54,"column":16},"end":{"line":54,"column":27}},"loc":{"start":{"line":54,"column":32},"end":{"line":66,"column":1}},"line":54},"12":{"name":"(anonymous_12)","decl":{"start":{"line":55,"column":9},"end":{"line":55,"column":10}},"loc":{"start":{"line":55,"column":33},"end":{"line":65,"column":3}},"line":55},"13":{"name":"(anonymous_13)","decl":{"start":{"line":58,"column":6},"end":{"line":58,"column":7}},"loc":{"start":{"line":58,"column":14},"end":{"line":60,"column":7}},"line":58},"14":{"name":"(anonymous_14)","decl":{"start":{"line":61,"column":6},"end":{"line":61,"column":7}},"loc":{"start":{"line":61,"column":15},"end":{"line":63,"column":7}},"line":61},"15":{"name":"setPhoto","decl":{"start":{"line":67,"column":16},"end":{"line":67,"column":24}},"loc":{"start":{"line":67,"column":32},"end":{"line":79,"column":1}},"line":67},"16":{"name":"(anonymous_16)","decl":{"start":{"line":68,"column":9},"end":{"line":68,"column":10}},"loc":{"start":{"line":68,"column":33},"end":{"line":78,"column":3}},"line":68},"17":{"name":"(anonymous_17)","decl":{"start":{"line":71,"column":6},"end":{"line":71,"column":7}},"loc":{"start":{"line":71,"column":14},"end":{"line":73,"column":7}},"line":71},"18":{"name":"(anonymous_18)","decl":{"start":{"line":74,"column":6},"end":{"line":74,"column":7}},"loc":{"start":{"line":74,"column":15},"end":{"line":76,"column":7}},"line":74}},"branchMap":{"0":{"loc":{"start":{"line":34,"column":4},"end":{"line":36,"column":5}},"type":"if","locations":[{"start":{"line":34,"column":4},"end":{"line":36,"column":5}},{"start":{"line":34,"column":4},"end":{"line":36,"column":5}}],"line":34}},"s":{"0":2,"1":3,"2":1,"3":4,"4":1,"5":1,"6":2,"7":2,"8":1,"9":1,"10":3,"11":3,"12":3,"13":1,"14":2,"15":1,"16":1,"17":1,"18":1,"19":0,"20":1,"21":1,"22":1,"23":1,"24":0},"f":{"0":3,"1":1,"2":4,"3":1,"4":1,"5":2,"6":2,"7":3,"8":3,"9":1,"10":2,"11":1,"12":1,"13":1,"14":0,"15":1,"16":1,"17":1,"18":0},"b":{"0":[1,1]},"_coverageSchema":"332fd63041d2c1bcb487cc26dd0d5f7d97098a6c","hash":"843321df4a6ad54cdaf8d05bf379c60f782ffa9b"}
,"F:\\node_progect\\speleo\\client\\src\\Redux\\actions\\user.actions.js": {"path":"F:\\node_progect\\speleo\\client\\src\\Redux\\actions\\user.actions.js","statementMap":{"0":{"start":{"line":3,"column":29},"end":{"line":9,"column":1}},"1":{"start":{"line":11,"column":27},"end":{"line":14,"column":1}},"2":{"start":{"line":17,"column":2},"end":{"line":28,"column":4}},"3":{"start":{"line":18,"column":4},"end":{"line":18,"column":24}},"4":{"start":{"line":20,"column":4},"end":{"line":27,"column":6}},"5":{"start":{"line":22,"column":8},"end":{"line":22,"column":32}},"6":{"start":{"line":25,"column":8},"end":{"line":25,"column":33}},"7":{"start":{"line":31,"column":4},"end":{"line":31,"column":49}},"8":{"start":{"line":34,"column":4},"end":{"line":34,"column":55}},"9":{"start":{"line":37,"column":4},"end":{"line":37,"column":56}},"10":{"start":{"line":42,"column":2},"end":{"line":46,"column":4}},"11":{"start":{"line":43,"column":4},"end":{"line":45,"column":60}},"12":{"start":{"line":45,"column":18},"end":{"line":45,"column":58}}},"fnMap":{"0":{"name":"login","decl":{"start":{"line":16,"column":9},"end":{"line":16,"column":14}},"loc":{"start":{"line":16,"column":35},"end":{"line":39,"column":1}},"line":16},"1":{"name":"(anonymous_1)","decl":{"start":{"line":17,"column":9},"end":{"line":17,"column":10}},"loc":{"start":{"line":17,"column":21},"end":{"line":28,"column":3}},"line":17},"2":{"name":"(anonymous_2)","decl":{"start":{"line":21,"column":6},"end":{"line":21,"column":7}},"loc":{"start":{"line":21,"column":14},"end":{"line":23,"column":7}},"line":21},"3":{"name":"(anonymous_3)","decl":{"start":{"line":24,"column":6},"end":{"line":24,"column":7}},"loc":{"start":{"line":24,"column":15},"end":{"line":26,"column":7}},"line":24},"4":{"name":"request","decl":{"start":{"line":30,"column":11},"end":{"line":30,"column":18}},"loc":{"start":{"line":30,"column":21},"end":{"line":32,"column":3}},"line":30},"5":{"name":"success","decl":{"start":{"line":33,"column":11},"end":{"line":33,"column":18}},"loc":{"start":{"line":33,"column":25},"end":{"line":35,"column":3}},"line":33},"6":{"name":"failure","decl":{"start":{"line":36,"column":11},"end":{"line":36,"column":18}},"loc":{"start":{"line":36,"column":26},"end":{"line":38,"column":3}},"line":36},"7":{"name":"logout","decl":{"start":{"line":41,"column":9},"end":{"line":41,"column":15}},"loc":{"start":{"line":41,"column":23},"end":{"line":47,"column":1}},"line":41},"8":{"name":"(anonymous_8)","decl":{"start":{"line":42,"column":9},"end":{"line":42,"column":10}},"loc":{"start":{"line":42,"column":21},"end":{"line":46,"column":3}},"line":42},"9":{"name":"(anonymous_9)","decl":{"start":{"line":45,"column":12},"end":{"line":45,"column":13}},"loc":{"start":{"line":45,"column":18},"end":{"line":45,"column":58}},"line":45}},"branchMap":{},"s":{"0":10,"1":10,"2":2,"3":2,"4":2,"5":1,"6":1,"7":2,"8":1,"9":1,"10":1,"11":1,"12":1},"f":{"0":2,"1":2,"2":1,"3":1,"4":2,"5":1,"6":1,"7":1,"8":1,"9":1},"b":{},"_coverageSchema":"332fd63041d2c1bcb487cc26dd0d5f7d97098a6c","hash":"c2dcd071870583137a72e43f70b52672821ee196"}
,"F:\\node_progect\\speleo\\client\\src\\Redux\\reducers\\allCave.reducer.js": {"path":"F:\\node_progect\\speleo\\client\\src\\Redux\\reducers\\allCave.reducer.js","statementMap":{"0":{"start":{"line":3,"column":21},"end":{"line":3,"column":66}},"1":{"start":{"line":6,"column":2},"end":{"line":54,"column":3}},"2":{"start":{"line":8,"column":6},"end":{"line":12,"column":8}},"3":{"start":{"line":14,"column":6},"end":{"line":18,"column":8}},"4":{"start":{"line":21,"column":23},"end":{"line":23,"column":8}},"5":{"start":{"line":22,"column":8},"end":{"line":22,"column":44}},"6":{"start":{"line":24,"column":6},"end":{"line":28,"column":8}},"7":{"start":{"line":30,"column":6},"end":{"line":34,"column":8}},"8":{"start":{"line":36,"column":20},"end":{"line":38,"column":8}},"9":{"start":{"line":37,"column":8},"end":{"line":37,"column":44}},"10":{"start":{"line":39,"column":6},"end":{"line":43,"column":8}},"11":{"start":{"line":46,"column":6},"end":{"line":51,"column":8}},"12":{"start":{"line":53,"column":6},"end":{"line":53,"column":19}}},"fnMap":{"0":{"name":"allCave","decl":{"start":{"line":5,"column":16},"end":{"line":5,"column":23}},"loc":{"start":{"line":5,"column":54},"end":{"line":55,"column":1}},"line":5},"1":{"name":"(anonymous_1)","decl":{"start":{"line":21,"column":42},"end":{"line":21,"column":43}},"loc":{"start":{"line":21,"column":50},"end":{"line":23,"column":7}},"line":21},"2":{"name":"(anonymous_2)","decl":{"start":{"line":36,"column":39},"end":{"line":36,"column":40}},"loc":{"start":{"line":36,"column":47},"end":{"line":38,"column":7}},"line":36}},"branchMap":{"0":{"loc":{"start":{"line":5,"column":24},"end":{"line":5,"column":44}},"type":"default-arg","locations":[{"start":{"line":5,"column":32},"end":{"line":5,"column":44}}],"line":5},"1":{"loc":{"start":{"line":6,"column":2},"end":{"line":54,"column":3}},"type":"switch","locations":[{"start":{"line":7,"column":4},"end":{"line":12,"column":8}},{"start":{"line":13,"column":4},"end":{"line":18,"column":8}},{"start":{"line":20,"column":4},"end":{"line":28,"column":8}},{"start":{"line":29,"column":4},"end":{"line":34,"column":8}},{"start":{"line":35,"column":4},"end":{"line":43,"column":8}},{"start":{"line":45,"column":4},"end":{"line":51,"column":8}},{"start":{"line":52,"column":4},"end":{"line":53,"column":19}}],"line":6}},"s":{"0":1,"1":7,"2":1,"3":1,"4":1,"5":3,"6":1,"7":1,"8":1,"9":3,"10":1,"11":1,"12":1},"f":{"0":7,"1":3,"2":3},"b":{"0":[4],"1":[1,1,1,1,1,1,1]},"_coverageSchema":"332fd63041d2c1bcb487cc26dd0d5f7d97098a6c","hash":"aedb8259e33217a3781076ea851ec97cece5185e"}
,"F:\\node_progect\\speleo\\client\\src\\Redux\\reducers\\allExped.reducer.js": {"path":"F:\\node_progect\\speleo\\client\\src\\Redux\\reducers\\allExped.reducer.js","statementMap":{"0":{"start":{"line":6,"column":28},"end":{"line":6,"column":73}},"1":{"start":{"line":9,"column":2},"end":{"line":51,"column":3}},"2":{"start":{"line":11,"column":6},"end":{"line":15,"column":8}},"3":{"start":{"line":17,"column":6},"end":{"line":21,"column":8}},"4":{"start":{"line":23,"column":23},"end":{"line":23,"column":88}},"5":{"start":{"line":23,"column":51},"end":{"line":23,"column":86}},"6":{"start":{"line":24,"column":6},"end":{"line":28,"column":7}},"7":{"start":{"line":30,"column":6},"end":{"line":34,"column":7}},"8":{"start":{"line":36,"column":20},"end":{"line":36,"column":85}},"9":{"start":{"line":36,"column":48},"end":{"line":36,"column":83}},"10":{"start":{"line":37,"column":6},"end":{"line":41,"column":7}},"11":{"start":{"line":43,"column":6},"end":{"line":48,"column":8}},"12":{"start":{"line":50,"column":6},"end":{"line":50,"column":19}}},"fnMap":{"0":{"name":"allExpedition","decl":{"start":{"line":8,"column":16},"end":{"line":8,"column":29}},"loc":{"start":{"line":8,"column":60},"end":{"line":52,"column":1}},"line":8},"1":{"name":"(anonymous_1)","decl":{"start":{"line":23,"column":42},"end":{"line":23,"column":43}},"loc":{"start":{"line":23,"column":50},"end":{"line":23,"column":87}},"line":23},"2":{"name":"(anonymous_2)","decl":{"start":{"line":36,"column":39},"end":{"line":36,"column":40}},"loc":{"start":{"line":36,"column":47},"end":{"line":36,"column":84}},"line":36}},"branchMap":{"0":{"loc":{"start":{"line":8,"column":30},"end":{"line":8,"column":50}},"type":"default-arg","locations":[{"start":{"line":8,"column":38},"end":{"line":8,"column":50}}],"line":8},"1":{"loc":{"start":{"line":9,"column":2},"end":{"line":51,"column":3}},"type":"switch","locations":[{"start":{"line":10,"column":4},"end":{"line":15,"column":8}},{"start":{"line":16,"column":4},"end":{"line":21,"column":8}},{"start":{"line":22,"column":6},"end":{"line":28,"column":7}},{"start":{"line":29,"column":6},"end":{"line":34,"column":7}},{"start":{"line":35,"column":6},"end":{"line":41,"column":7}},{"start":{"line":42,"column":4},"end":{"line":48,"column":8}},{"start":{"line":49,"column":4},"end":{"line":50,"column":19}}],"line":9}},"s":{"0":1,"1":7,"2":1,"3":1,"4":1,"5":3,"6":1,"7":1,"8":1,"9":3,"10":1,"11":1,"12":1},"f":{"0":7,"1":3,"2":3},"b":{"0":[1],"1":[1,1,1,1,1,1,1]},"_coverageSchema":"332fd63041d2c1bcb487cc26dd0d5f7d97098a6c","hash":"c78dd62020b7bf494c6e0559fc99dc8be32633c5"}
,"F:\\node_progect\\speleo\\client\\src\\Redux\\reducers\\authentication.reducer.js": {"path":"F:\\node_progect\\speleo\\client\\src\\Redux\\reducers\\authentication.reducer.js","statementMap":{"0":{"start":{"line":3,"column":21},"end":{"line":3,"column":75}},"1":{"start":{"line":6,"column":2},"end":{"line":38,"column":3}},"2":{"start":{"line":8,"column":6},"end":{"line":13,"column":8}},"3":{"start":{"line":15,"column":6},"end":{"line":20,"column":8}},"4":{"start":{"line":22,"column":6},"end":{"line":28,"column":8}},"5":{"start":{"line":30,"column":6},"end":{"line":35,"column":8}},"6":{"start":{"line":37,"column":6},"end":{"line":37,"column":19}}},"fnMap":{"0":{"name":"authentication","decl":{"start":{"line":5,"column":16},"end":{"line":5,"column":30}},"loc":{"start":{"line":5,"column":61},"end":{"line":39,"column":1}},"line":5}},"branchMap":{"0":{"loc":{"start":{"line":5,"column":31},"end":{"line":5,"column":51}},"type":"default-arg","locations":[{"start":{"line":5,"column":39},"end":{"line":5,"column":51}}],"line":5},"1":{"loc":{"start":{"line":6,"column":2},"end":{"line":38,"column":3}},"type":"switch","locations":[{"start":{"line":7,"column":4},"end":{"line":13,"column":8}},{"start":{"line":14,"column":4},"end":{"line":20,"column":8}},{"start":{"line":21,"column":4},"end":{"line":28,"column":8}},{"start":{"line":29,"column":4},"end":{"line":35,"column":8}},{"start":{"line":36,"column":4},"end":{"line":37,"column":19}}],"line":6}},"s":{"0":1,"1":5,"2":1,"3":1,"4":1,"5":1,"6":1},"f":{"0":5},"b":{"0":[1],"1":[1,1,1,1,1]},"_coverageSchema":"332fd63041d2c1bcb487cc26dd0d5f7d97098a6c","hash":"03073898310e2624f8d9a977452a38c80fb906f0"}
,"F:\\node_progect\\speleo\\client\\src\\Redux\\reducers\\oneCave.reducer.js": {"path":"F:\\node_progect\\speleo\\client\\src\\Redux\\reducers\\oneCave.reducer.js","statementMap":{"0":{"start":{"line":3,"column":21},"end":{"line":3,"column":64}},"1":{"start":{"line":6,"column":2},"end":{"line":20,"column":3}},"2":{"start":{"line":8,"column":6},"end":{"line":8,"column":42}},"3":{"start":{"line":10,"column":6},"end":{"line":10,"column":63}},"4":{"start":{"line":12,"column":6},"end":{"line":17,"column":8}},"5":{"start":{"line":19,"column":6},"end":{"line":19,"column":19}}},"fnMap":{"0":{"name":"oneCave","decl":{"start":{"line":5,"column":16},"end":{"line":5,"column":23}},"loc":{"start":{"line":5,"column":54},"end":{"line":21,"column":1}},"line":5}},"branchMap":{"0":{"loc":{"start":{"line":5,"column":24},"end":{"line":5,"column":44}},"type":"default-arg","locations":[{"start":{"line":5,"column":32},"end":{"line":5,"column":44}}],"line":5},"1":{"loc":{"start":{"line":6,"column":2},"end":{"line":20,"column":3}},"type":"switch","locations":[{"start":{"line":7,"column":4},"end":{"line":8,"column":42}},{"start":{"line":9,"column":4},"end":{"line":10,"column":63}},{"start":{"line":11,"column":4},"end":{"line":17,"column":8}},{"start":{"line":18,"column":4},"end":{"line":19,"column":19}}],"line":6}},"s":{"0":1,"1":4,"2":1,"3":1,"4":1,"5":1},"f":{"0":4},"b":{"0":[4],"1":[1,1,1,1]},"_coverageSchema":"332fd63041d2c1bcb487cc26dd0d5f7d97098a6c","hash":"48baf6da8bac79966538e03eb517c51177c719e0"}
,"F:\\node_progect\\speleo\\client\\src\\Redux\\reducers\\oneExped.reducer.js": {"path":"F:\\node_progect\\speleo\\client\\src\\Redux\\reducers\\oneExped.reducer.js","statementMap":{"0":{"start":{"line":3,"column":21},"end":{"line":3,"column":65}},"1":{"start":{"line":6,"column":2},"end":{"line":20,"column":3}},"2":{"start":{"line":8,"column":6},"end":{"line":8,"column":44}},"3":{"start":{"line":10,"column":6},"end":{"line":10,"column":64}},"4":{"start":{"line":12,"column":6},"end":{"line":17,"column":8}},"5":{"start":{"line":19,"column":6},"end":{"line":19,"column":19}}},"fnMap":{"0":{"name":"oneExpedition","decl":{"start":{"line":5,"column":16},"end":{"line":5,"column":29}},"loc":{"start":{"line":5,"column":60},"end":{"line":21,"column":1}},"line":5}},"branchMap":{"0":{"loc":{"start":{"line":5,"column":30},"end":{"line":5,"column":50}},"type":"default-arg","locations":[{"start":{"line":5,"column":38},"end":{"line":5,"column":50}}],"line":5},"1":{"loc":{"start":{"line":6,"column":2},"end":{"line":20,"column":3}},"type":"switch","locations":[{"start":{"line":7,"column":4},"end":{"line":8,"column":44}},{"start":{"line":9,"column":4},"end":{"line":10,"column":64}},{"start":{"line":11,"column":4},"end":{"line":17,"column":8}},{"start":{"line":18,"column":4},"end":{"line":19,"column":19}}],"line":6}},"s":{"0":1,"1":4,"2":1,"3":1,"4":1,"5":1},"f":{"0":4},"b":{"0":[4],"1":[1,1,1,1]},"_coverageSchema":"332fd63041d2c1bcb487cc26dd0d5f7d97098a6c","hash":"f07f8b741eb54d9610773ae8d14a8e944d282a65"}
,"F:\\node_progect\\speleo\\client\\src\\Redux\\reducers\\photo.reducer.js": {"path":"F:\\node_progect\\speleo\\client\\src\\Redux\\reducers\\photo.reducer.js","statementMap":{"0":{"start":{"line":3,"column":21},"end":{"line":3,"column":66}},"1":{"start":{"line":6,"column":2},"end":{"line":45,"column":3}},"2":{"start":{"line":8,"column":6},"end":{"line":12,"column":8}},"3":{"start":{"line":14,"column":6},"end":{"line":18,"column":8}},"4":{"start":{"line":21,"column":23},"end":{"line":23,"column":8}},"5":{"start":{"line":22,"column":8},"end":{"line":22,"column":44}},"6":{"start":{"line":24,"column":6},"end":{"line":28,"column":8}},"7":{"start":{"line":30,"column":6},"end":{"line":34,"column":8}},"8":{"start":{"line":37,"column":6},"end":{"line":42,"column":8}},"9":{"start":{"line":44,"column":6},"end":{"line":44,"column":19}}},"fnMap":{"0":{"name":"allPhoto","decl":{"start":{"line":5,"column":16},"end":{"line":5,"column":24}},"loc":{"start":{"line":5,"column":55},"end":{"line":46,"column":1}},"line":5},"1":{"name":"(anonymous_1)","decl":{"start":{"line":21,"column":42},"end":{"line":21,"column":43}},"loc":{"start":{"line":21,"column":50},"end":{"line":23,"column":7}},"line":21}},"branchMap":{"0":{"loc":{"start":{"line":5,"column":25},"end":{"line":5,"column":45}},"type":"default-arg","locations":[{"start":{"line":5,"column":33},"end":{"line":5,"column":45}}],"line":5},"1":{"loc":{"start":{"line":6,"column":2},"end":{"line":45,"column":3}},"type":"switch","locations":[{"start":{"line":7,"column":4},"end":{"line":12,"column":8}},{"start":{"line":13,"column":4},"end":{"line":18,"column":8}},{"start":{"line":20,"column":4},"end":{"line":28,"column":8}},{"start":{"line":29,"column":4},"end":{"line":34,"column":8}},{"start":{"line":36,"column":4},"end":{"line":42,"column":8}},{"start":{"line":43,"column":4},"end":{"line":44,"column":19}}],"line":6}},"s":{"0":1,"1":6,"2":1,"3":1,"4":1,"5":3,"6":1,"7":1,"8":1,"9":1},"f":{"0":6,"1":3},"b":{"0":[4],"1":[1,1,1,1,1,1]},"_coverageSchema":"332fd63041d2c1bcb487cc26dd0d5f7d97098a6c","hash":"0db6f6fb41fcce9d7dfcfe8bd27ef3736c77b40d"}
,"F:\\node_progect\\speleo\\client\\src\\utilities\\api\\cave.service.js": {"path":"F:\\node_progect\\speleo\\client\\src\\utilities\\api\\cave.service.js","statementMap":{"0":{"start":{"line":4,"column":27},"end":{"line":10,"column":1}},"1":{"start":{"line":12,"column":25},"end":{"line":14,"column":3}},"2":{"start":{"line":15,"column":19},"end":{"line":15,"column":62}},"3":{"start":{"line":16,"column":16},"end":{"line":16,"column":46}},"4":{"start":{"line":18,"column":2},"end":{"line":18,"column":15}},"5":{"start":{"line":21,"column":25},"end":{"line":23,"column":3}},"6":{"start":{"line":24,"column":19},"end":{"line":24,"column":68}},"7":{"start":{"line":25,"column":15},"end":{"line":25,"column":45}},"8":{"start":{"line":27,"column":2},"end":{"line":27,"column":14}},"9":{"start":{"line":31,"column":25},"end":{"line":35,"column":3}},"10":{"start":{"line":36,"column":19},"end":{"line":36,"column":62}},"11":{"start":{"line":37,"column":16},"end":{"line":37,"column":46}},"12":{"start":{"line":39,"column":2},"end":{"line":39,"column":15}},"13":{"start":{"line":43,"column":25},"end":{"line":47,"column":3}},"14":{"start":{"line":48,"column":19},"end":{"line":48,"column":68}},"15":{"start":{"line":49,"column":16},"end":{"line":49,"column":46}},"16":{"start":{"line":51,"column":2},"end":{"line":51,"column":15}},"17":{"start":{"line":54,"column":25},"end":{"line":57,"column":3}},"18":{"start":{"line":58,"column":19},"end":{"line":58,"column":68}},"19":{"start":{"line":59,"column":15},"end":{"line":59,"column":45}},"20":{"start":{"line":61,"column":2},"end":{"line":61,"column":14}}},"fnMap":{"0":{"name":"getAll","decl":{"start":{"line":11,"column":15},"end":{"line":11,"column":21}},"loc":{"start":{"line":11,"column":24},"end":{"line":19,"column":1}},"line":11},"1":{"name":"getOne","decl":{"start":{"line":20,"column":15},"end":{"line":20,"column":21}},"loc":{"start":{"line":20,"column":26},"end":{"line":28,"column":1}},"line":20},"2":{"name":"create","decl":{"start":{"line":29,"column":15},"end":{"line":29,"column":21}},"loc":{"start":{"line":29,"column":35},"end":{"line":40,"column":1}},"line":29},"3":{"name":"update","decl":{"start":{"line":41,"column":15},"end":{"line":41,"column":21}},"loc":{"start":{"line":41,"column":39},"end":{"line":52,"column":1}},"line":41},"4":{"name":"deleteCave","decl":{"start":{"line":53,"column":15},"end":{"line":53,"column":25}},"loc":{"start":{"line":53,"column":37},"end":{"line":62,"column":1}},"line":53}},"branchMap":{},"s":{"0":4,"1":4,"2":4,"3":3,"4":3,"5":3,"6":3,"7":2,"8":2,"9":1,"10":1,"11":1,"12":1,"13":1,"14":1,"15":1,"16":1,"17":1,"18":1,"19":1,"20":1},"f":{"0":4,"1":3,"2":1,"3":1,"4":1},"b":{},"_coverageSchema":"332fd63041d2c1bcb487cc26dd0d5f7d97098a6c","hash":"2b0c9fa32ec73c745139b9f0d30d9087c57e31cf"}
,"F:\\node_progect\\speleo\\client\\src\\utilities\\api\\expedition.service.js": {"path":"F:\\node_progect\\speleo\\client\\src\\utilities\\api\\expedition.service.js","statementMap":{"0":{"start":{"line":4,"column":33},"end":{"line":10,"column":3}},"1":{"start":{"line":12,"column":27},"end":{"line":14,"column":5}},"2":{"start":{"line":15,"column":21},"end":{"line":15,"column":70}},"3":{"start":{"line":16,"column":18},"end":{"line":16,"column":48}},"4":{"start":{"line":18,"column":4},"end":{"line":18,"column":17}},"5":{"start":{"line":21,"column":27},"end":{"line":23,"column":5}},"6":{"start":{"line":24,"column":21},"end":{"line":24,"column":76}},"7":{"start":{"line":25,"column":17},"end":{"line":25,"column":47}},"8":{"start":{"line":27,"column":4},"end":{"line":27,"column":16}},"9":{"start":{"line":31,"column":27},"end":{"line":35,"column":5}},"10":{"start":{"line":36,"column":21},"end":{"line":36,"column":70}},"11":{"start":{"line":37,"column":18},"end":{"line":37,"column":48}},"12":{"start":{"line":39,"column":4},"end":{"line":39,"column":17}},"13":{"start":{"line":43,"column":27},"end":{"line":47,"column":5}},"14":{"start":{"line":48,"column":21},"end":{"line":48,"column":76}},"15":{"start":{"line":49,"column":18},"end":{"line":49,"column":48}},"16":{"start":{"line":51,"column":4},"end":{"line":51,"column":17}},"17":{"start":{"line":54,"column":27},"end":{"line":57,"column":5}},"18":{"start":{"line":58,"column":21},"end":{"line":58,"column":76}},"19":{"start":{"line":59,"column":17},"end":{"line":59,"column":47}},"20":{"start":{"line":61,"column":4},"end":{"line":61,"column":16}}},"fnMap":{"0":{"name":"getAll","decl":{"start":{"line":11,"column":17},"end":{"line":11,"column":23}},"loc":{"start":{"line":11,"column":26},"end":{"line":19,"column":3}},"line":11},"1":{"name":"getOne","decl":{"start":{"line":20,"column":17},"end":{"line":20,"column":23}},"loc":{"start":{"line":20,"column":28},"end":{"line":28,"column":3}},"line":20},"2":{"name":"create","decl":{"start":{"line":29,"column":17},"end":{"line":29,"column":23}},"loc":{"start":{"line":29,"column":43},"end":{"line":40,"column":3}},"line":29},"3":{"name":"update","decl":{"start":{"line":41,"column":17},"end":{"line":41,"column":23}},"loc":{"start":{"line":41,"column":47},"end":{"line":52,"column":3}},"line":41},"4":{"name":"deleteExpedition","decl":{"start":{"line":53,"column":17},"end":{"line":53,"column":33}},"loc":{"start":{"line":53,"column":45},"end":{"line":62,"column":3}},"line":53}},"branchMap":{},"s":{"0":4,"1":2,"2":2,"3":1,"4":1,"5":3,"6":3,"7":2,"8":2,"9":1,"10":1,"11":1,"12":1,"13":1,"14":1,"15":1,"16":1,"17":1,"18":1,"19":1,"20":1},"f":{"0":2,"1":3,"2":1,"3":1,"4":1},"b":{},"_coverageSchema":"332fd63041d2c1bcb487cc26dd0d5f7d97098a6c","hash":"1e2b6f079b17968ca260be21ea69f57de7abc3f4"}
,"F:\\node_progect\\speleo\\client\\src\\utilities\\api\\photo.service.js": {"path":"F:\\node_progect\\speleo\\client\\src\\utilities\\api\\photo.service.js","statementMap":{"0":{"start":{"line":4,"column":28},"end":{"line":8,"column":1}},"1":{"start":{"line":10,"column":25},"end":{"line":12,"column":3}},"2":{"start":{"line":13,"column":19},"end":{"line":13,"column":77}},"3":{"start":{"line":14,"column":16},"end":{"line":14,"column":46}},"4":{"start":{"line":16,"column":2},"end":{"line":16,"column":15}},"5":{"start":{"line":19,"column":25},"end":{"line":26,"column":3}},"6":{"start":{"line":27,"column":19},"end":{"line":27,"column":63}},"7":{"start":{"line":28,"column":16},"end":{"line":28,"column":46}},"8":{"start":{"line":30,"column":2},"end":{"line":30,"column":15}},"9":{"start":{"line":33,"column":25},"end":{"line":36,"column":3}},"10":{"start":{"line":37,"column":19},"end":{"line":37,"column":69}},"11":{"start":{"line":38,"column":15},"end":{"line":38,"column":45}},"12":{"start":{"line":40,"column":2},"end":{"line":40,"column":14}}},"fnMap":{"0":{"name":"getAll","decl":{"start":{"line":9,"column":15},"end":{"line":9,"column":21}},"loc":{"start":{"line":9,"column":26},"end":{"line":17,"column":1}},"line":9},"1":{"name":"create","decl":{"start":{"line":18,"column":15},"end":{"line":18,"column":21}},"loc":{"start":{"line":18,"column":36},"end":{"line":31,"column":1}},"line":18},"2":{"name":"deletePhoto","decl":{"start":{"line":32,"column":15},"end":{"line":32,"column":26}},"loc":{"start":{"line":32,"column":38},"end":{"line":41,"column":1}},"line":32}},"branchMap":{},"s":{"0":2,"1":3,"2":3,"3":1,"4":1,"5":1,"6":1,"7":1,"8":1,"9":1,"10":1,"11":1,"12":1},"f":{"0":3,"1":1,"2":1},"b":{},"_coverageSchema":"332fd63041d2c1bcb487cc26dd0d5f7d97098a6c","hash":"a6dfad41c05b68169ca40def1435190a24c53231"}
,"F:\\node_progect\\speleo\\client\\src\\utilities\\api\\user.service.js": {"path":"F:\\node_progect\\speleo\\client\\src\\utilities\\api\\user.service.js","statementMap":{"0":{"start":{"line":7,"column":27},"end":{"line":11,"column":1}},"1":{"start":{"line":14,"column":25},"end":{"line":18,"column":3}},"2":{"start":{"line":20,"column":19},"end":{"line":20,"column":70}},"3":{"start":{"line":21,"column":15},"end":{"line":21,"column":45}},"4":{"start":{"line":23,"column":2},"end":{"line":23,"column":14}},"5":{"start":{"line":27,"column":25},"end":{"line":30,"column":3}},"6":{"start":{"line":31,"column":19},"end":{"line":31,"column":71}},"7":{"start":{"line":32,"column":15},"end":{"line":32,"column":45}},"8":{"start":{"line":33,"column":2},"end":{"line":33,"column":14}}},"fnMap":{"0":{"name":"login","decl":{"start":{"line":13,"column":15},"end":{"line":13,"column":20}},"loc":{"start":{"line":13,"column":41},"end":{"line":24,"column":1}},"line":13},"1":{"name":"logout","decl":{"start":{"line":26,"column":15},"end":{"line":26,"column":21}},"loc":{"start":{"line":26,"column":29},"end":{"line":34,"column":1}},"line":26}},"branchMap":{},"s":{"0":8,"1":2,"2":2,"3":1,"4":1,"5":1,"6":1,"7":1,"8":1},"f":{"0":2,"1":1},"b":{},"_coverageSchema":"332fd63041d2c1bcb487cc26dd0d5f7d97098a6c","hash":"cdd087717da77190671733c3f255555fd013df8c"}
,"F:\\node_progect\\speleo\\client\\src\\utilities\\helpers\\auth-header.js": {"path":"F:\\node_progect\\speleo\\client\\src\\utilities\\helpers\\auth-header.js","statementMap":{"0":{"start":{"line":1,"column":19},"end":{"line":15,"column":1}},"1":{"start":{"line":3,"column":17},"end":{"line":3,"column":19}},"2":{"start":{"line":4,"column":2},"end":{"line":13,"column":3}},"3":{"start":{"line":5,"column":4},"end":{"line":8,"column":7}},"4":{"start":{"line":10,"column":4},"end":{"line":12,"column":7}},"5":{"start":{"line":14,"column":2},"end":{"line":14,"column":18}}},"fnMap":{"0":{"name":"(anonymous_0)","decl":{"start":{"line":1,"column":19},"end":{"line":1,"column":20}},"loc":{"start":{"line":1,"column":28},"end":{"line":15,"column":1}},"line":1}},"branchMap":{"0":{"loc":{"start":{"line":4,"column":2},"end":{"line":13,"column":3}},"type":"if","locations":[{"start":{"line":4,"column":2},"end":{"line":13,"column":3}},{"start":{"line":4,"column":2},"end":{"line":13,"column":3}}],"line":4}},"s":{"0":12,"1":10,"2":10,"3":8,"4":2,"5":10},"f":{"0":10},"b":{"0":[8,2]},"_coverageSchema":"332fd63041d2c1bcb487cc26dd0d5f7d97098a6c","hash":"612eba8e6be595dbca066e500711bf279f88d7ee"}
,"F:\\node_progect\\speleo\\client\\src\\utilities\\helpers\\handleResponse.js": {"path":"F:\\node_progect\\speleo\\client\\src\\utilities\\helpers\\handleResponse.js","statementMap":{"0":{"start":{"line":2,"column":4},"end":{"line":16,"column":7}},"1":{"start":{"line":3,"column":19},"end":{"line":3,"column":23}},"2":{"start":{"line":4,"column":6},"end":{"line":13,"column":7}},"3":{"start":{"line":5,"column":22},"end":{"line":11,"column":9}},"4":{"start":{"line":12,"column":8},"end":{"line":12,"column":37}},"5":{"start":{"line":15,"column":6},"end":{"line":15,"column":18}}},"fnMap":{"0":{"name":"handleResponse","decl":{"start":{"line":1,"column":24},"end":{"line":1,"column":38}},"loc":{"start":{"line":1,"column":49},"end":{"line":17,"column":3}},"line":1},"1":{"name":"(anonymous_1)","decl":{"start":{"line":2,"column":32},"end":{"line":2,"column":33}},"loc":{"start":{"line":2,"column":40},"end":{"line":16,"column":5}},"line":2}},"branchMap":{"0":{"loc":{"start":{"line":4,"column":6},"end":{"line":13,"column":7}},"type":"if","locations":[{"start":{"line":4,"column":6},"end":{"line":13,"column":7}},{"start":{"line":4,"column":6},"end":{"line":13,"column":7}}],"line":4}},"s":{"0":19,"1":19,"2":19,"3":0,"4":0,"5":19},"f":{"0":19,"1":19},"b":{"0":[0,19]},"_coverageSchema":"332fd63041d2c1bcb487cc26dd0d5f7d97098a6c","hash":"f603930deb1506cce6550d7ffecc71ffaece91a3"}
}
