TN:
SF:F:\node_progect\speleo\client\setupJest.js
FNF:0
FNH:0
DA:1,12
LF:1
LH:1
BRF:0
BRH:0
end_of_record
TN:
SF:F:\node_progect\speleo\client\src\Redux\actions\allCave.actions.js
FN:13,getAllCaves
FN:14,(anonymous_1)
FN:18,(anonymous_2)
FN:21,(anonymous_3)
FN:27,deleteCave
FN:28,(anonymous_5)
FN:31,(anonymous_6)
FN:34,(anonymous_7)
FN:40,setCave
FN:41,(anonymous_9)
FN:44,(anonymous_10)
FN:47,(anonymous_11)
FN:53,updateCave
FN:54,(anonymous_13)
FN:58,(anonymous_14)
FN:61,(anonymous_15)
FN:67,request
FN:70,allSuccess
FN:73,failure
FN:77,deleteSuccess
FN:80,createSuccess
FN:86,updateSuccess
FN:92,errorHandler
FN:93,(anonymous_23)
FN:99,shouldFetchPosts
FN:110,fetchPostsIfNeeded
FN:111,(anonymous_26)
FNF:27
FNH:24
FNDA:4,getAllCaves
FNDA:4,(anonymous_1)
FNDA:3,(anonymous_2)
FNDA:1,(anonymous_3)
FNDA:1,deleteCave
FNDA:1,(anonymous_5)
FNDA:1,(anonymous_6)
FNDA:0,(anonymous_7)
FNDA:1,setCave
FNDA:1,(anonymous_9)
FNDA:1,(anonymous_10)
FNDA:0,(anonymous_11)
FNDA:1,updateCave
FNDA:1,(anonymous_13)
FNDA:1,(anonymous_14)
FNDA:0,(anonymous_15)
FNDA:4,request
FNDA:3,allSuccess
FNDA:3,failure
FNDA:1,deleteSuccess
FNDA:1,createSuccess
FNDA:1,updateSuccess
FNDA:2,errorHandler
FNDA:2,(anonymous_23)
FNDA:2,shouldFetchPosts
FNDA:2,fetchPostsIfNeeded
FNDA:2,(anonymous_26)
DA:4,2
DA:14,4
DA:15,4
DA:17,4
DA:19,3
DA:22,1
DA:28,1
DA:29,1
DA:30,1
DA:32,1
DA:35,0
DA:41,1
DA:42,1
DA:43,1
DA:45,1
DA:48,0
DA:54,1
DA:55,1
DA:57,1
DA:59,1
DA:62,0
DA:68,4
DA:71,3
DA:74,3
DA:78,1
DA:81,1
DA:87,1
DA:93,2
DA:94,2
DA:100,2
DA:101,2
DA:102,2
DA:103,0
DA:104,0
DA:106,0
DA:111,2
DA:112,2
LF:37
LH:31
BRDA:94,0,0,1
BRDA:94,0,1,1
BRDA:101,1,0,2
BRDA:101,1,1,0
BRDA:103,2,0,0
BRDA:103,2,1,0
BRDA:112,3,0,2
BRDA:112,3,1,0
BRF:8
BRH:4
end_of_record
TN:
SF:F:\node_progect\speleo\client\src\Redux\actions\allExped.actions.js
FN:12,getAllExpeditions
FN:13,(anonymous_1)
FN:17,(anonymous_2)
FN:20,(anonymous_3)
FN:26,deleteExpedition
FN:27,(anonymous_5)
FN:30,(anonymous_6)
FN:33,(anonymous_7)
FN:39,setExpedition
FN:40,(anonymous_9)
FN:43,(anonymous_10)
FN:46,(anonymous_11)
FN:52,updateExpedition
FN:53,(anonymous_13)
FN:57,(anonymous_14)
FN:60,(anonymous_15)
FN:66,request
FN:69,allSuccess
FN:72,failure
FN:75,deleteSuccess
FN:78,createSuccess
FN:84,updateSuccess
FN:90,errorHandler
FN:91,(anonymous_23)
FNF:24
FNH:21
FNDA:2,getAllExpeditions
FNDA:2,(anonymous_1)
FNDA:1,(anonymous_2)
FNDA:1,(anonymous_3)
FNDA:1,deleteExpedition
FNDA:1,(anonymous_5)
FNDA:1,(anonymous_6)
FNDA:0,(anonymous_7)
FNDA:1,setExpedition
FNDA:1,(anonymous_9)
FNDA:1,(anonymous_10)
FNDA:0,(anonymous_11)
FNDA:1,updateExpedition
FNDA:1,(anonymous_13)
FNDA:1,(anonymous_14)
FNDA:0,(anonymous_15)
FNDA:2,request
FNDA:1,allSuccess
FNDA:3,failure
FNDA:1,deleteSuccess
FNDA:1,createSuccess
FNDA:1,updateSuccess
FNDA:2,errorHandler
FNDA:2,(anonymous_23)
DA:3,2
DA:13,2
DA:14,2
DA:16,2
DA:18,1
DA:21,1
DA:27,1
DA:28,1
DA:29,1
DA:31,1
DA:34,0
DA:40,1
DA:41,1
DA:42,1
DA:44,1
DA:47,0
DA:53,1
DA:54,1
DA:56,1
DA:58,1
DA:61,0
DA:67,2
DA:70,1
DA:73,3
DA:76,1
DA:79,1
DA:85,1
DA:91,2
DA:92,2
DA:93,1
DA:95,1
LF:31
LH:28
BRDA:92,0,0,1
BRDA:92,0,1,1
BRF:2
BRH:2
end_of_record
TN:
SF:F:\node_progect\speleo\client\src\Redux\actions\oneCave.actions.js
FN:8,getOneCave
FN:9,(anonymous_1)
FN:13,(anonymous_2)
FN:16,(anonymous_3)
FN:22,request
FN:25,success
FN:28,failure
FN:32,FetchIfNeeded
FN:33,(anonymous_8)
FN:34,(anonymous_9)
FNF:10
FNH:10
FNDA:3,getOneCave
FNDA:3,(anonymous_1)
FNDA:2,(anonymous_2)
FNDA:1,(anonymous_3)
FNDA:3,request
FNDA:3,success
FNDA:1,failure
FNDA:2,FetchIfNeeded
FNDA:2,(anonymous_8)
FNDA:3,(anonymous_9)
DA:2,2
DA:9,3
DA:10,3
DA:12,3
DA:14,2
DA:17,1
DA:23,3
DA:26,3
DA:29,1
DA:33,2
DA:34,3
DA:36,2
DA:37,1
DA:39,1
LF:14
LH:14
BRDA:36,0,0,1
BRDA:36,0,1,1
BRF:2
BRH:2
end_of_record
TN:
SF:F:\node_progect\speleo\client\src\Redux\actions\oneExped.actions.js
FN:8,getOneExpedition
FN:9,(anonymous_1)
FN:13,(anonymous_2)
FN:16,(anonymous_3)
FN:22,request
FN:25,success
FN:28,failure
FN:32,FetchIfNeeded
FN:33,(anonymous_8)
FN:34,(anonymous_9)
FNF:10
FNH:10
FNDA:3,getOneExpedition
FNDA:3,(anonymous_1)
FNDA:2,(anonymous_2)
FNDA:1,(anonymous_3)
FNDA:3,request
FNDA:3,success
FNDA:1,failure
FNDA:2,FetchIfNeeded
FNDA:2,(anonymous_8)
FNDA:3,(anonymous_9)
DA:2,2
DA:9,3
DA:10,3
DA:12,3
DA:14,2
DA:17,1
DA:23,3
DA:26,3
DA:29,1
DA:33,2
DA:34,3
DA:36,2
DA:37,1
DA:39,1
LF:14
LH:14
BRDA:36,0,0,1
BRDA:36,0,1,1
BRF:2
BRH:2
end_of_record
TN:
SF:F:\node_progect\speleo\client\src\Redux\actions\photo.actions.js
FN:12,request
FN:15,allSuccess
FN:18,failure
FN:22,deleteSuccess
FN:25,createSuccess
FN:32,errorHandler
FN:33,(anonymous_6)
FN:40,getPhotos
FN:41,(anonymous_8)
FN:45,(anonymous_9)
FN:48,(anonymous_10)
FN:54,deletePhoto
FN:55,(anonymous_12)
FN:58,(anonymous_13)
FN:61,(anonymous_14)
FN:67,setPhoto
FN:68,(anonymous_16)
FN:71,(anonymous_17)
FN:74,(anonymous_18)
FNF:19
FNH:17
FNDA:3,request
FNDA:1,allSuccess
FNDA:4,failure
FNDA:1,deleteSuccess
FNDA:1,createSuccess
FNDA:2,errorHandler
FNDA:2,(anonymous_6)
FNDA:3,getPhotos
FNDA:3,(anonymous_8)
FNDA:1,(anonymous_9)
FNDA:2,(anonymous_10)
FNDA:1,deletePhoto
FNDA:1,(anonymous_12)
FNDA:1,(anonymous_13)
FNDA:0,(anonymous_14)
FNDA:1,setPhoto
FNDA:1,(anonymous_16)
FNDA:1,(anonymous_17)
FNDA:0,(anonymous_18)
DA:4,2
DA:13,3
DA:16,1
DA:19,4
DA:23,1
DA:26,1
DA:33,2
DA:34,2
DA:35,1
DA:37,1
DA:41,3
DA:42,3
DA:44,3
DA:46,1
DA:49,2
DA:55,1
DA:56,1
DA:57,1
DA:59,1
DA:62,0
DA:68,1
DA:69,1
DA:70,1
DA:72,1
DA:75,0
LF:25
LH:23
BRDA:34,0,0,1
BRDA:34,0,1,1
BRF:2
BRH:2
end_of_record
TN:
SF:F:\node_progect\speleo\client\src\Redux\actions\user.actions.js
FN:16,login
FN:17,(anonymous_1)
FN:21,(anonymous_2)
FN:24,(anonymous_3)
FN:30,request
FN:33,success
FN:36,failure
FN:41,logout
FN:42,(anonymous_8)
FN:45,(anonymous_9)
FNF:10
FNH:10
FNDA:2,login
FNDA:2,(anonymous_1)
FNDA:1,(anonymous_2)
FNDA:1,(anonymous_3)
FNDA:2,request
FNDA:1,success
FNDA:1,failure
FNDA:1,logout
FNDA:1,(anonymous_8)
FNDA:1,(anonymous_9)
DA:3,10
DA:11,10
DA:17,2
DA:18,2
DA:20,2
DA:22,1
DA:25,1
DA:31,2
DA:34,1
DA:37,1
DA:42,1
DA:43,1
DA:45,1
LF:13
LH:13
BRF:0
BRH:0
end_of_record
TN:
SF:F:\node_progect\speleo\client\src\Redux\reducers\allCave.reducer.js
FN:5,allCave
FN:21,(anonymous_1)
FN:36,(anonymous_2)
FNF:3
FNH:3
FNDA:7,allCave
FNDA:3,(anonymous_1)
FNDA:3,(anonymous_2)
DA:3,1
DA:6,7
DA:8,1
DA:14,1
DA:21,1
DA:22,3
DA:24,1
DA:30,1
DA:36,1
DA:37,3
DA:39,1
DA:46,1
DA:53,1
LF:13
LH:13
BRDA:5,0,0,4
BRDA:6,1,0,1
BRDA:6,1,1,1
BRDA:6,1,2,1
BRDA:6,1,3,1
BRDA:6,1,4,1
BRDA:6,1,5,1
BRDA:6,1,6,1
BRF:8
BRH:8
end_of_record
TN:
SF:F:\node_progect\speleo\client\src\Redux\reducers\allExped.reducer.js
FN:8,allExpedition
FN:23,(anonymous_1)
FN:36,(anonymous_2)
FNF:3
FNH:3
FNDA:7,allExpedition
FNDA:3,(anonymous_1)
FNDA:3,(anonymous_2)
DA:6,1
DA:9,7
DA:11,1
DA:17,1
DA:23,3
DA:24,1
DA:30,1
DA:36,3
DA:37,1
DA:43,1
DA:50,1
LF:11
LH:11
BRDA:8,0,0,1
BRDA:9,1,0,1
BRDA:9,1,1,1
BRDA:9,1,2,1
BRDA:9,1,3,1
BRDA:9,1,4,1
BRDA:9,1,5,1
BRDA:9,1,6,1
BRF:8
BRH:8
end_of_record
TN:
SF:F:\node_progect\speleo\client\src\Redux\reducers\authentication.reducer.js
FN:5,authentication
FNF:1
FNH:1
FNDA:5,authentication
DA:3,1
DA:6,5
DA:8,1
DA:15,1
DA:22,1
DA:30,1
DA:37,1
LF:7
LH:7
BRDA:5,0,0,1
BRDA:6,1,0,1
BRDA:6,1,1,1
BRDA:6,1,2,1
BRDA:6,1,3,1
BRDA:6,1,4,1
BRF:6
BRH:6
end_of_record
TN:
SF:F:\node_progect\speleo\client\src\Redux\reducers\oneCave.reducer.js
FN:5,oneCave
FNF:1
FNH:1
FNDA:4,oneCave
DA:3,1
DA:6,4
DA:8,1
DA:10,1
DA:12,1
DA:19,1
LF:6
LH:6
BRDA:5,0,0,4
BRDA:6,1,0,1
BRDA:6,1,1,1
BRDA:6,1,2,1
BRDA:6,1,3,1
BRF:5
BRH:5
end_of_record
TN:
SF:F:\node_progect\speleo\client\src\Redux\reducers\oneExped.reducer.js
FN:5,oneExpedition
FNF:1
FNH:1
FNDA:4,oneExpedition
DA:3,1
DA:6,4
DA:8,1
DA:10,1
DA:12,1
DA:19,1
LF:6
LH:6
BRDA:5,0,0,4
BRDA:6,1,0,1
BRDA:6,1,1,1
BRDA:6,1,2,1
BRDA:6,1,3,1
BRF:5
BRH:5
end_of_record
TN:
SF:F:\node_progect\speleo\client\src\Redux\reducers\photo.reducer.js
FN:5,allPhoto
FN:21,(anonymous_1)
FNF:2
FNH:2
FNDA:6,allPhoto
FNDA:3,(anonymous_1)
DA:3,1
DA:6,6
DA:8,1
DA:14,1
DA:21,1
DA:22,3
DA:24,1
DA:30,1
DA:37,1
DA:44,1
LF:10
LH:10
BRDA:5,0,0,4
BRDA:6,1,0,1
BRDA:6,1,1,1
BRDA:6,1,2,1
BRDA:6,1,3,1
BRDA:6,1,4,1
BRDA:6,1,5,1
BRF:7
BRH:7
end_of_record
TN:
SF:F:\node_progect\speleo\client\src\utilities\api\cave.service.js
FN:11,getAll
FN:20,getOne
FN:29,create
FN:41,update
FN:53,deleteCave
FNF:5
FNH:5
FNDA:4,getAll
FNDA:3,getOne
FNDA:1,create
FNDA:1,update
FNDA:1,deleteCave
DA:4,4
DA:12,4
DA:15,4
DA:16,3
DA:18,3
DA:21,3
DA:24,3
DA:25,2
DA:27,2
DA:31,1
DA:36,1
DA:37,1
DA:39,1
DA:43,1
DA:48,1
DA:49,1
DA:51,1
DA:54,1
DA:58,1
DA:59,1
DA:61,1
LF:21
LH:21
BRF:0
BRH:0
end_of_record
TN:
SF:F:\node_progect\speleo\client\src\utilities\api\expedition.service.js
FN:11,getAll
FN:20,getOne
FN:29,create
FN:41,update
FN:53,deleteExpedition
FNF:5
FNH:5
FNDA:2,getAll
FNDA:3,getOne
FNDA:1,create
FNDA:1,update
FNDA:1,deleteExpedition
DA:4,4
DA:12,2
DA:15,2
DA:16,1
DA:18,1
DA:21,3
DA:24,3
DA:25,2
DA:27,2
DA:31,1
DA:36,1
DA:37,1
DA:39,1
DA:43,1
DA:48,1
DA:49,1
DA:51,1
DA:54,1
DA:58,1
DA:59,1
DA:61,1
LF:21
LH:21
BRF:0
BRH:0
end_of_record
TN:
SF:F:\node_progect\speleo\client\src\utilities\api\photo.service.js
FN:9,getAll
FN:18,create
FN:32,deletePhoto
FNF:3
FNH:3
FNDA:3,getAll
FNDA:1,create
FNDA:1,deletePhoto
DA:4,2
DA:10,3
DA:13,3
DA:14,1
DA:16,1
DA:19,1
DA:27,1
DA:28,1
DA:30,1
DA:33,1
DA:37,1
DA:38,1
DA:40,1
LF:13
LH:13
BRF:0
BRH:0
end_of_record
TN:
SF:F:\node_progect\speleo\client\src\utilities\api\user.service.js
FN:13,login
FN:26,logout
FNF:2
FNH:2
FNDA:2,login
FNDA:1,logout
DA:7,8
DA:14,2
DA:20,2
DA:21,1
DA:23,1
DA:27,1
DA:31,1
DA:32,1
DA:33,1
LF:9
LH:9
BRF:0
BRH:0
end_of_record
TN:
SF:F:\node_progect\speleo\client\src\utilities\helpers\auth-header.js
FN:1,(anonymous_0)
FNF:1
FNH:1
FNDA:10,(anonymous_0)
DA:1,12
DA:3,10
DA:4,10
DA:5,8
DA:10,2
DA:14,10
LF:6
LH:6
BRDA:4,0,0,8
BRDA:4,0,1,2
BRF:2
BRH:2
end_of_record
TN:
SF:F:\node_progect\speleo\client\src\utilities\helpers\handleResponse.js
FN:1,handleResponse
FN:2,(anonymous_1)
FNF:2
FNH:2
FNDA:19,handleResponse
FNDA:19,(anonymous_1)
DA:2,19
DA:3,19
DA:4,19
DA:5,0
DA:12,0
DA:15,19
LF:6
LH:4
BRDA:4,0,0,0
BRDA:4,0,1,19
BRF:2
BRH:1
end_of_record
